<?xml version="1.0" encoding="UTF-8"?>
<testsuite xmlns:xsi="http://www.w3.org/2001/XMLSchema-instance" xsi:noNamespaceSchemaLocation="https://maven.apache.org/surefire/maven-surefire-plugin/xsd/surefire-test-report.xsd" name="GeneradorIpTest" time="1.264" tests="2000" errors="0" skipped="0" failures="0">
  <properties>
    <property name="java.specification.version" value="17"/>
    <property name="sun.cpu.isalist" value="amd64"/>
    <property name="sun.jnu.encoding" value="Cp1252"/>
    <property name="java.class.path" value="C:\Users\sprop\eclipse-workspace\GeneradorIp\target\test-classes;C:\Users\sprop\eclipse-workspace\GeneradorIp\target\classes;C:\Users\sprop\.m2\repository\org\junit\jupiter\junit-jupiter-engine\5.3.1\junit-jupiter-engine-5.3.1.jar;C:\Users\sprop\.m2\repository\org\apiguardian\apiguardian-api\1.0.0\apiguardian-api-1.0.0.jar;C:\Users\sprop\.m2\repository\org\junit\platform\junit-platform-engine\1.3.1\junit-platform-engine-1.3.1.jar;C:\Users\sprop\.m2\repository\org\junit\platform\junit-platform-commons\1.3.1\junit-platform-commons-1.3.1.jar;C:\Users\sprop\.m2\repository\org\opentest4j\opentest4j\1.1.1\opentest4j-1.1.1.jar;C:\Users\sprop\.m2\repository\org\junit\jupiter\junit-jupiter-api\5.3.1\junit-jupiter-api-5.3.1.jar;"/>
    <property name="java.vm.vendor" value="Oracle Corporation"/>
    <property name="sun.arch.data.model" value="64"/>
    <property name="user.variant" value=""/>
    <property name="java.vendor.url" value="https://java.oracle.com/"/>
    <property name="user.timezone" value="Europe/Paris"/>
    <property name="os.name" value="Windows 11"/>
    <property name="java.vm.specification.version" value="17"/>
    <property name="sun.java.launcher" value="SUN_STANDARD"/>
    <property name="user.country" value="ES"/>
    <property name="sun.boot.library.path" value="C:\Program Files\Java\jdk-17\bin"/>
    <property name="sun.java.command" value="C:\Users\sprop\AppData\Local\Temp\surefire8035431812448255056\surefirebooter6775025337022507569.jar C:\Users\sprop\AppData\Local\Temp\surefire8035431812448255056 2023-05-08T16-52-43_004-jvmRun1 surefire8040902258753346872tmp surefire_06069683938379953330tmp"/>
    <property name="jdk.debug" value="release"/>
    <property name="surefire.test.class.path" value="C:\Users\sprop\eclipse-workspace\GeneradorIp\target\test-classes;C:\Users\sprop\eclipse-workspace\GeneradorIp\target\classes;C:\Users\sprop\.m2\repository\org\junit\jupiter\junit-jupiter-engine\5.3.1\junit-jupiter-engine-5.3.1.jar;C:\Users\sprop\.m2\repository\org\apiguardian\apiguardian-api\1.0.0\apiguardian-api-1.0.0.jar;C:\Users\sprop\.m2\repository\org\junit\platform\junit-platform-engine\1.3.1\junit-platform-engine-1.3.1.jar;C:\Users\sprop\.m2\repository\org\junit\platform\junit-platform-commons\1.3.1\junit-platform-commons-1.3.1.jar;C:\Users\sprop\.m2\repository\org\opentest4j\opentest4j\1.1.1\opentest4j-1.1.1.jar;C:\Users\sprop\.m2\repository\org\junit\jupiter\junit-jupiter-api\5.3.1\junit-jupiter-api-5.3.1.jar;"/>
    <property name="sun.cpu.endian" value="little"/>
    <property name="user.home" value="C:\Users\sprop"/>
    <property name="user.language" value="es"/>
    <property name="java.specification.vendor" value="Oracle Corporation"/>
    <property name="java.version.date" value="2023-01-17"/>
    <property name="java.home" value="C:\Program Files\Java\jdk-17"/>
    <property name="file.separator" value="\"/>
    <property name="style.color" value="always"/>
    <property name="basedir" value="C:\Users\sprop\eclipse-workspace\GeneradorIp"/>
    <property name="java.vm.compressedOopsMode" value="Zero based"/>
    <property name="line.separator" value="&#10;"/>
    <property name="java.vm.specification.vendor" value="Oracle Corporation"/>
    <property name="java.specification.name" value="Java Platform API Specification"/>
    <property name="surefire.real.class.path" value="C:\Users\sprop\AppData\Local\Temp\surefire8035431812448255056\surefirebooter6775025337022507569.jar"/>
    <property name="user.script" value=""/>
    <property name="sun.management.compiler" value="HotSpot 64-Bit Tiered Compilers"/>
    <property name="java.runtime.version" value="17.0.6+9-LTS-190"/>
    <property name="user.name" value="sprop"/>
    <property name="path.separator" value=";"/>
    <property name="os.version" value="10.0"/>
    <property name="java.runtime.name" value="Java(TM) SE Runtime Environment"/>
    <property name="file.encoding" value="Cp1252"/>
    <property name="java.vm.name" value="Java HotSpot(TM) 64-Bit Server VM"/>
    <property name="localRepository" value="C:\Users\sprop\.m2\repository"/>
    <property name="java.vendor.url.bug" value="https://bugreport.java.com/bugreport/"/>
    <property name="java.io.tmpdir" value="C:\Users\sprop\AppData\Local\Temp\"/>
    <property name="java.version" value="17.0.6"/>
    <property name="user.dir" value="C:\Users\sprop\eclipse-workspace\GeneradorIp"/>
    <property name="os.arch" value="amd64"/>
    <property name="java.vm.specification.name" value="Java Virtual Machine Specification"/>
    <property name="sun.os.patch.level" value=""/>
    <property name="native.encoding" value="Cp1252"/>
    <property name="java.library.path" value="C:\Program Files\Java\jdk-17\bin;C:\WINDOWS\Sun\Java\bin;C:\WINDOWS\system32;C:\WINDOWS;C:/Program Files/Java/jdk-17/bin/server;C:/Program Files/Java/jdk-17/bin;C:\Program Files\Microsoft\jdk-11.0.16.101-hotspot\bin;C:\Program Files\Common Files\Oracle\Java\javapath;C:\WINDOWS\system32;C:\WINDOWS;C:\WINDOWS\System32\Wbem;C:\WINDOWS\System32\WindowsPowerShell\v1.0\;C:\WINDOWS\System32\OpenSSH\;C:\Program Files\Microsoft SQL Server\150\Tools\Binn\;C:\Program Files\Microsoft SQL Server\Client SDK\ODBC\170\Tools\Binn\;C:\Program Files\apache-maven-3.8.6-bin\apache-maven-3.8.6\bin;C:\Program Files\Git\cmd;C:\Program Files (x86)\Microsoft SQL Server\150\Tools\Binn\;C:\Program Files\Microsoft SQL Server\150\DTS\Binn\;C:\Program Files (x86)\Microsoft SQL Server\150\DTS\Binn\;C:\Program Files\Azure Data Studio\bin;C:\Program Files (x86)\Windows Kits\10\Windows Performance Toolkit\;C:\Program Files\dotnet\;C:\Program Files\PuTTY\;C:\Users\sprop\AppData\Local\Programs\Python\Python311\Scripts\;C:\Users\sprop\AppData\Local\Programs\Python\Python311\;C:\Users\sprop\AppData\Local\Microsoft\WindowsApps;C:\Users\sprop\AppData\Local\Programs\Microsoft VS Code\bin;;C:\Program Files\Azure Data Studio\bin;C:\Users\sprop\.dotnet\tools;C:\WINDOWS\system32;;."/>
    <property name="java.vm.info" value="mixed mode, sharing"/>
    <property name="java.vendor" value="Oracle Corporation"/>
    <property name="java.vm.version" value="17.0.6+9-LTS-190"/>
    <property name="sun.io.unicode.encoding" value="UnicodeLittle"/>
    <property name="java.class.version" value="61.0"/>
  </properties>
  <testcase name="testGenerarIp[1]" classname="GeneradorIpTest" time="0.018"/>
  <testcase name="testGenerarIp[2]" classname="GeneradorIpTest" time="0.001"/>
  <testcase name="testGenerarIp[3]" classname="GeneradorIpTest" time="0"/>
  <testcase name="testGenerarIp[4]" classname="GeneradorIpTest" time="0.001"/>
  <testcase name="testGenerarIp[5]" classname="GeneradorIpTest" time="0"/>
  <testcase name="testGenerarIp[6]" classname="GeneradorIpTest" time="0"/>
  <testcase name="testGenerarIp[7]" classname="GeneradorIpTest" time="0.002"/>
  <testcase name="testGenerarIp[8]" classname="GeneradorIpTest" time="0.001"/>
  <testcase name="testGenerarIp[9]" classname="GeneradorIpTest" time="0.001"/>
  <testcase name="testGenerarIp[10]" classname="GeneradorIpTest" time="0"/>
  <testcase name="testGenerarIp[11]" classname="GeneradorIpTest" time="0.001"/>
  <testcase name="testGenerarIp[12]" classname="GeneradorIpTest" time="0.001"/>
  <testcase name="testGenerarIp[13]" classname="GeneradorIpTest" time="0"/>
  <testcase name="testGenerarIp[14]" classname="GeneradorIpTest" time="0.001"/>
  <testcase name="testGenerarIp[15]" classname="GeneradorIpTest" time="0"/>
  <testcase name="testGenerarIp[16]" classname="GeneradorIpTest" time="0.002"/>
  <testcase name="testGenerarIp[17]" classname="GeneradorIpTest" time="0.001"/>
  <testcase name="testGenerarIp[18]" classname="GeneradorIpTest" time="0.001"/>
  <testcase name="testGenerarIp[19]" classname="GeneradorIpTest" time="0"/>
  <testcase name="testGenerarIp[20]" classname="GeneradorIpTest" time="0.001"/>
  <testcase name="testGenerarIp[21]" classname="GeneradorIpTest" time="0"/>
  <testcase name="testGenerarIp[22]" classname="GeneradorIpTest" time="0.001"/>
  <testcase name="testGenerarIp[23]" classname="GeneradorIpTest" time="0"/>
  <testcase name="testGenerarIp[24]" classname="GeneradorIpTest" time="0"/>
  <testcase name="testGenerarIp[25]" classname="GeneradorIpTest" time="0.001"/>
  <testcase name="testGenerarIp[26]" classname="GeneradorIpTest" time="0"/>
  <testcase name="testGenerarIp[27]" classname="GeneradorIpTest" time="0"/>
  <testcase name="testGenerarIp[28]" classname="GeneradorIpTest" time="0"/>
  <testcase name="testGenerarIp[29]" classname="GeneradorIpTest" time="0.001"/>
  <testcase name="testGenerarIp[30]" classname="GeneradorIpTest" time="0"/>
  <testcase name="testGenerarIp[31]" classname="GeneradorIpTest" time="0"/>
  <testcase name="testGenerarIp[32]" classname="GeneradorIpTest" time="0"/>
  <testcase name="testGenerarIp[33]" classname="GeneradorIpTest" time="0.001"/>
  <testcase name="testGenerarIp[34]" classname="GeneradorIpTest" time="0.001"/>
  <testcase name="testGenerarIp[35]" classname="GeneradorIpTest" time="0"/>
  <testcase name="testGenerarIp[36]" classname="GeneradorIpTest" time="0.002"/>
  <testcase name="testGenerarIp[37]" classname="GeneradorIpTest" time="0"/>
  <testcase name="testGenerarIp[38]" classname="GeneradorIpTest" time="0"/>
  <testcase name="testGenerarIp[39]" classname="GeneradorIpTest" time="0.001"/>
  <testcase name="testGenerarIp[40]" classname="GeneradorIpTest" time="0"/>
  <testcase name="testGenerarIp[41]" classname="GeneradorIpTest" time="0"/>
  <testcase name="testGenerarIp[42]" classname="GeneradorIpTest" time="0.001"/>
  <testcase name="testGenerarIp[43]" classname="GeneradorIpTest" time="0.001"/>
  <testcase name="testGenerarIp[44]" classname="GeneradorIpTest" time="0"/>
  <testcase name="testGenerarIp[45]" classname="GeneradorIpTest" time="0"/>
  <testcase name="testGenerarIp[46]" classname="GeneradorIpTest" time="0.001"/>
  <testcase name="testGenerarIp[47]" classname="GeneradorIpTest" time="0.001"/>
  <testcase name="testGenerarIp[48]" classname="GeneradorIpTest" time="0"/>
  <testcase name="testGenerarIp[49]" classname="GeneradorIpTest" time="0"/>
  <testcase name="testGenerarIp[50]" classname="GeneradorIpTest" time="0.001"/>
  <testcase name="testGenerarIp[51]" classname="GeneradorIpTest" time="0.001"/>
  <testcase name="testGenerarIp[52]" classname="GeneradorIpTest" time="0.002"/>
  <testcase name="testGenerarIp[53]" classname="GeneradorIpTest" time="0"/>
  <testcase name="testGenerarIp[54]" classname="GeneradorIpTest" time="0.001"/>
  <testcase name="testGenerarIp[55]" classname="GeneradorIpTest" time="0"/>
  <testcase name="testGenerarIp[56]" classname="GeneradorIpTest" time="0.001"/>
  <testcase name="testGenerarIp[57]" classname="GeneradorIpTest" time="0"/>
  <testcase name="testGenerarIp[58]" classname="GeneradorIpTest" time="0"/>
  <testcase name="testGenerarIp[59]" classname="GeneradorIpTest" time="0"/>
  <testcase name="testGenerarIp[60]" classname="GeneradorIpTest" time="0.001"/>
  <testcase name="testGenerarIp[61]" classname="GeneradorIpTest" time="0.001"/>
  <testcase name="testGenerarIp[62]" classname="GeneradorIpTest" time="0"/>
  <testcase name="testGenerarIp[63]" classname="GeneradorIpTest" time="0.001"/>
  <testcase name="testGenerarIp[64]" classname="GeneradorIpTest" time="0"/>
  <testcase name="testGenerarIp[65]" classname="GeneradorIpTest" time="0"/>
  <testcase name="testGenerarIp[66]" classname="GeneradorIpTest" time="0.001"/>
  <testcase name="testGenerarIp[67]" classname="GeneradorIpTest" time="0.001"/>
  <testcase name="testGenerarIp[68]" classname="GeneradorIpTest" time="0"/>
  <testcase name="testGenerarIp[69]" classname="GeneradorIpTest" time="0"/>
  <testcase name="testGenerarIp[70]" classname="GeneradorIpTest" time="0"/>
  <testcase name="testGenerarIp[71]" classname="GeneradorIpTest" time="0"/>
  <testcase name="testGenerarIp[72]" classname="GeneradorIpTest" time="0.001"/>
  <testcase name="testGenerarIp[73]" classname="GeneradorIpTest" time="0.001"/>
  <testcase name="testGenerarIp[74]" classname="GeneradorIpTest" time="0.001"/>
  <testcase name="testGenerarIp[75]" classname="GeneradorIpTest" time="0.001"/>
  <testcase name="testGenerarIp[76]" classname="GeneradorIpTest" time="0.001"/>
  <testcase name="testGenerarIp[77]" classname="GeneradorIpTest" time="0"/>
  <testcase name="testGenerarIp[78]" classname="GeneradorIpTest" time="0.001"/>
  <testcase name="testGenerarIp[79]" classname="GeneradorIpTest" time="0"/>
  <testcase name="testGenerarIp[80]" classname="GeneradorIpTest" time="0"/>
  <testcase name="testGenerarIp[81]" classname="GeneradorIpTest" time="0"/>
  <testcase name="testGenerarIp[82]" classname="GeneradorIpTest" time="0.001"/>
  <testcase name="testGenerarIp[83]" classname="GeneradorIpTest" time="0"/>
  <testcase name="testGenerarIp[84]" classname="GeneradorIpTest" time="0.001"/>
  <testcase name="testGenerarIp[85]" classname="GeneradorIpTest" time="0"/>
  <testcase name="testGenerarIp[86]" classname="GeneradorIpTest" time="0.001"/>
  <testcase name="testGenerarIp[87]" classname="GeneradorIpTest" time="0.001"/>
  <testcase name="testGenerarIp[88]" classname="GeneradorIpTest" time="0"/>
  <testcase name="testGenerarIp[89]" classname="GeneradorIpTest" time="0"/>
  <testcase name="testGenerarIp[90]" classname="GeneradorIpTest" time="0"/>
  <testcase name="testGenerarIp[91]" classname="GeneradorIpTest" time="0"/>
  <testcase name="testGenerarIp[92]" classname="GeneradorIpTest" time="0.001"/>
  <testcase name="testGenerarIp[93]" classname="GeneradorIpTest" time="0.001"/>
  <testcase name="testGenerarIp[94]" classname="GeneradorIpTest" time="0"/>
  <testcase name="testGenerarIp[95]" classname="GeneradorIpTest" time="0"/>
  <testcase name="testGenerarIp[96]" classname="GeneradorIpTest" time="0"/>
  <testcase name="testGenerarIp[97]" classname="GeneradorIpTest" time="0"/>
  <testcase name="testGenerarIp[98]" classname="GeneradorIpTest" time="0"/>
  <testcase name="testGenerarIp[99]" classname="GeneradorIpTest" time="0.001"/>
  <testcase name="testGenerarIp[100]" classname="GeneradorIpTest" time="0.001"/>
  <testcase name="testGenerarIp[101]" classname="GeneradorIpTest" time="0"/>
  <testcase name="testGenerarIp[102]" classname="GeneradorIpTest" time="0.001"/>
  <testcase name="testGenerarIp[103]" classname="GeneradorIpTest" time="0"/>
  <testcase name="testGenerarIp[104]" classname="GeneradorIpTest" time="0.001"/>
  <testcase name="testGenerarIp[105]" classname="GeneradorIpTest" time="0"/>
  <testcase name="testGenerarIp[106]" classname="GeneradorIpTest" time="0.001"/>
  <testcase name="testGenerarIp[107]" classname="GeneradorIpTest" time="0.002"/>
  <testcase name="testGenerarIp[108]" classname="GeneradorIpTest" time="0.001"/>
  <testcase name="testGenerarIp[109]" classname="GeneradorIpTest" time="0"/>
  <testcase name="testGenerarIp[110]" classname="GeneradorIpTest" time="0"/>
  <testcase name="testGenerarIp[111]" classname="GeneradorIpTest" time="0"/>
  <testcase name="testGenerarIp[112]" classname="GeneradorIpTest" time="0"/>
  <testcase name="testGenerarIp[113]" classname="GeneradorIpTest" time="0"/>
  <testcase name="testGenerarIp[114]" classname="GeneradorIpTest" time="0"/>
  <testcase name="testGenerarIp[115]" classname="GeneradorIpTest" time="0"/>
  <testcase name="testGenerarIp[116]" classname="GeneradorIpTest" time="0.001"/>
  <testcase name="testGenerarIp[117]" classname="GeneradorIpTest" time="0"/>
  <testcase name="testGenerarIp[118]" classname="GeneradorIpTest" time="0"/>
  <testcase name="testGenerarIp[119]" classname="GeneradorIpTest" time="0"/>
  <testcase name="testGenerarIp[120]" classname="GeneradorIpTest" time="0.001"/>
  <testcase name="testGenerarIp[121]" classname="GeneradorIpTest" time="0.001"/>
  <testcase name="testGenerarIp[122]" classname="GeneradorIpTest" time="0.001"/>
  <testcase name="testGenerarIp[123]" classname="GeneradorIpTest" time="0.001"/>
  <testcase name="testGenerarIp[124]" classname="GeneradorIpTest" time="0.001"/>
  <testcase name="testGenerarIp[125]" classname="GeneradorIpTest" time="0"/>
  <testcase name="testGenerarIp[126]" classname="GeneradorIpTest" time="0"/>
  <testcase name="testGenerarIp[127]" classname="GeneradorIpTest" time="0"/>
  <testcase name="testGenerarIp[128]" classname="GeneradorIpTest" time="0"/>
  <testcase name="testGenerarIp[129]" classname="GeneradorIpTest" time="0"/>
  <testcase name="testGenerarIp[130]" classname="GeneradorIpTest" time="0"/>
  <testcase name="testGenerarIp[131]" classname="GeneradorIpTest" time="0"/>
  <testcase name="testGenerarIp[132]" classname="GeneradorIpTest" time="0.001"/>
  <testcase name="testGenerarIp[133]" classname="GeneradorIpTest" time="0.001"/>
  <testcase name="testGenerarIp[134]" classname="GeneradorIpTest" time="0"/>
  <testcase name="testGenerarIp[135]" classname="GeneradorIpTest" time="0"/>
  <testcase name="testGenerarIp[136]" classname="GeneradorIpTest" time="0"/>
  <testcase name="testGenerarIp[137]" classname="GeneradorIpTest" time="0"/>
  <testcase name="testGenerarIp[138]" classname="GeneradorIpTest" time="0"/>
  <testcase name="testGenerarIp[139]" classname="GeneradorIpTest" time="0"/>
  <testcase name="testGenerarIp[140]" classname="GeneradorIpTest" time="0"/>
  <testcase name="testGenerarIp[141]" classname="GeneradorIpTest" time="0"/>
  <testcase name="testGenerarIp[142]" classname="GeneradorIpTest" time="0"/>
  <testcase name="testGenerarIp[143]" classname="GeneradorIpTest" time="0.001"/>
  <testcase name="testGenerarIp[144]" classname="GeneradorIpTest" time="0"/>
  <testcase name="testGenerarIp[145]" classname="GeneradorIpTest" time="0"/>
  <testcase name="testGenerarIp[146]" classname="GeneradorIpTest" time="0"/>
  <testcase name="testGenerarIp[147]" classname="GeneradorIpTest" time="0"/>
  <testcase name="testGenerarIp[148]" classname="GeneradorIpTest" time="0"/>
  <testcase name="testGenerarIp[149]" classname="GeneradorIpTest" time="0"/>
  <testcase name="testGenerarIp[150]" classname="GeneradorIpTest" time="0"/>
  <testcase name="testGenerarIp[151]" classname="GeneradorIpTest" time="0"/>
  <testcase name="testGenerarIp[152]" classname="GeneradorIpTest" time="0"/>
  <testcase name="testGenerarIp[153]" classname="GeneradorIpTest" time="0"/>
  <testcase name="testGenerarIp[154]" classname="GeneradorIpTest" time="0"/>
  <testcase name="testGenerarIp[155]" classname="GeneradorIpTest" time="0"/>
  <testcase name="testGenerarIp[156]" classname="GeneradorIpTest" time="0"/>
  <testcase name="testGenerarIp[157]" classname="GeneradorIpTest" time="0.001"/>
  <testcase name="testGenerarIp[158]" classname="GeneradorIpTest" time="0"/>
  <testcase name="testGenerarIp[159]" classname="GeneradorIpTest" time="0"/>
  <testcase name="testGenerarIp[160]" classname="GeneradorIpTest" time="0"/>
  <testcase name="testGenerarIp[161]" classname="GeneradorIpTest" time="0"/>
  <testcase name="testGenerarIp[162]" classname="GeneradorIpTest" time="0"/>
  <testcase name="testGenerarIp[163]" classname="GeneradorIpTest" time="0"/>
  <testcase name="testGenerarIp[164]" classname="GeneradorIpTest" time="0"/>
  <testcase name="testGenerarIp[165]" classname="GeneradorIpTest" time="0.001"/>
  <testcase name="testGenerarIp[166]" classname="GeneradorIpTest" time="0.001"/>
  <testcase name="testGenerarIp[167]" classname="GeneradorIpTest" time="0.001"/>
  <testcase name="testGenerarIp[168]" classname="GeneradorIpTest" time="0.001"/>
  <testcase name="testGenerarIp[169]" classname="GeneradorIpTest" time="0.001"/>
  <testcase name="testGenerarIp[170]" classname="GeneradorIpTest" time="0.001"/>
  <testcase name="testGenerarIp[171]" classname="GeneradorIpTest" time="0"/>
  <testcase name="testGenerarIp[172]" classname="GeneradorIpTest" time="0"/>
  <testcase name="testGenerarIp[173]" classname="GeneradorIpTest" time="0"/>
  <testcase name="testGenerarIp[174]" classname="GeneradorIpTest" time="0"/>
  <testcase name="testGenerarIp[175]" classname="GeneradorIpTest" time="0"/>
  <testcase name="testGenerarIp[176]" classname="GeneradorIpTest" time="0"/>
  <testcase name="testGenerarIp[177]" classname="GeneradorIpTest" time="0"/>
  <testcase name="testGenerarIp[178]" classname="GeneradorIpTest" time="0"/>
  <testcase name="testGenerarIp[179]" classname="GeneradorIpTest" time="0.001"/>
  <testcase name="testGenerarIp[180]" classname="GeneradorIpTest" time="0"/>
  <testcase name="testGenerarIp[181]" classname="GeneradorIpTest" time="0"/>
  <testcase name="testGenerarIp[182]" classname="GeneradorIpTest" time="0"/>
  <testcase name="testGenerarIp[183]" classname="GeneradorIpTest" time="0"/>
  <testcase name="testGenerarIp[184]" classname="GeneradorIpTest" time="0"/>
  <testcase name="testGenerarIp[185]" classname="GeneradorIpTest" time="0"/>
  <testcase name="testGenerarIp[186]" classname="GeneradorIpTest" time="0"/>
  <testcase name="testGenerarIp[187]" classname="GeneradorIpTest" time="0.001"/>
  <testcase name="testGenerarIp[188]" classname="GeneradorIpTest" time="0"/>
  <testcase name="testGenerarIp[189]" classname="GeneradorIpTest" time="0"/>
  <testcase name="testGenerarIp[190]" classname="GeneradorIpTest" time="0"/>
  <testcase name="testGenerarIp[191]" classname="GeneradorIpTest" time="0"/>
  <testcase name="testGenerarIp[192]" classname="GeneradorIpTest" time="0"/>
  <testcase name="testGenerarIp[193]" classname="GeneradorIpTest" time="0.001"/>
  <testcase name="testGenerarIp[194]" classname="GeneradorIpTest" time="0"/>
  <testcase name="testGenerarIp[195]" classname="GeneradorIpTest" time="0.001"/>
  <testcase name="testGenerarIp[196]" classname="GeneradorIpTest" time="0"/>
  <testcase name="testGenerarIp[197]" classname="GeneradorIpTest" time="0"/>
  <testcase name="testGenerarIp[198]" classname="GeneradorIpTest" time="0"/>
  <testcase name="testGenerarIp[199]" classname="GeneradorIpTest" time="0"/>
  <testcase name="testGenerarIp[200]" classname="GeneradorIpTest" time="0"/>
  <testcase name="testGenerarIp[201]" classname="GeneradorIpTest" time="0"/>
  <testcase name="testGenerarIp[202]" classname="GeneradorIpTest" time="0.001"/>
  <testcase name="testGenerarIp[203]" classname="GeneradorIpTest" time="0"/>
  <testcase name="testGenerarIp[204]" classname="GeneradorIpTest" time="0"/>
  <testcase name="testGenerarIp[205]" classname="GeneradorIpTest" time="0"/>
  <testcase name="testGenerarIp[206]" classname="GeneradorIpTest" time="0"/>
  <testcase name="testGenerarIp[207]" classname="GeneradorIpTest" time="0"/>
  <testcase name="testGenerarIp[208]" classname="GeneradorIpTest" time="0"/>
  <testcase name="testGenerarIp[209]" classname="GeneradorIpTest" time="0"/>
  <testcase name="testGenerarIp[210]" classname="GeneradorIpTest" time="0"/>
  <testcase name="testGenerarIp[211]" classname="GeneradorIpTest" time="0"/>
  <testcase name="testGenerarIp[212]" classname="GeneradorIpTest" time="0"/>
  <testcase name="testGenerarIp[213]" classname="GeneradorIpTest" time="0"/>
  <testcase name="testGenerarIp[214]" classname="GeneradorIpTest" time="0"/>
  <testcase name="testGenerarIp[215]" classname="GeneradorIpTest" time="0.001"/>
  <testcase name="testGenerarIp[216]" classname="GeneradorIpTest" time="0"/>
  <testcase name="testGenerarIp[217]" classname="GeneradorIpTest" time="0"/>
  <testcase name="testGenerarIp[218]" classname="GeneradorIpTest" time="0"/>
  <testcase name="testGenerarIp[219]" classname="GeneradorIpTest" time="0"/>
  <testcase name="testGenerarIp[220]" classname="GeneradorIpTest" time="0.002"/>
  <testcase name="testGenerarIp[221]" classname="GeneradorIpTest" time="0"/>
  <testcase name="testGenerarIp[222]" classname="GeneradorIpTest" time="0"/>
  <testcase name="testGenerarIp[223]" classname="GeneradorIpTest" time="0"/>
  <testcase name="testGenerarIp[224]" classname="GeneradorIpTest" time="0"/>
  <testcase name="testGenerarIp[225]" classname="GeneradorIpTest" time="0"/>
  <testcase name="testGenerarIp[226]" classname="GeneradorIpTest" time="0.001"/>
  <testcase name="testGenerarIp[227]" classname="GeneradorIpTest" time="0"/>
  <testcase name="testGenerarIp[228]" classname="GeneradorIpTest" time="0"/>
  <testcase name="testGenerarIp[229]" classname="GeneradorIpTest" time="0.001"/>
  <testcase name="testGenerarIp[230]" classname="GeneradorIpTest" time="0"/>
  <testcase name="testGenerarIp[231]" classname="GeneradorIpTest" time="0"/>
  <testcase name="testGenerarIp[232]" classname="GeneradorIpTest" time="0.001"/>
  <testcase name="testGenerarIp[233]" classname="GeneradorIpTest" time="0"/>
  <testcase name="testGenerarIp[234]" classname="GeneradorIpTest" time="0"/>
  <testcase name="testGenerarIp[235]" classname="GeneradorIpTest" time="0.001"/>
  <testcase name="testGenerarIp[236]" classname="GeneradorIpTest" time="0"/>
  <testcase name="testGenerarIp[237]" classname="GeneradorIpTest" time="0.001"/>
  <testcase name="testGenerarIp[238]" classname="GeneradorIpTest" time="0"/>
  <testcase name="testGenerarIp[239]" classname="GeneradorIpTest" time="0.001"/>
  <testcase name="testGenerarIp[240]" classname="GeneradorIpTest" time="0"/>
  <testcase name="testGenerarIp[241]" classname="GeneradorIpTest" time="0"/>
  <testcase name="testGenerarIp[242]" classname="GeneradorIpTest" time="0"/>
  <testcase name="testGenerarIp[243]" classname="GeneradorIpTest" time="0"/>
  <testcase name="testGenerarIp[244]" classname="GeneradorIpTest" time="0.001"/>
  <testcase name="testGenerarIp[245]" classname="GeneradorIpTest" time="0"/>
  <testcase name="testGenerarIp[246]" classname="GeneradorIpTest" time="0"/>
  <testcase name="testGenerarIp[247]" classname="GeneradorIpTest" time="0.001"/>
  <testcase name="testGenerarIp[248]" classname="GeneradorIpTest" time="0"/>
  <testcase name="testGenerarIp[249]" classname="GeneradorIpTest" time="0"/>
  <testcase name="testGenerarIp[250]" classname="GeneradorIpTest" time="0"/>
  <testcase name="testGenerarIp[251]" classname="GeneradorIpTest" time="0"/>
  <testcase name="testGenerarIp[252]" classname="GeneradorIpTest" time="0"/>
  <testcase name="testGenerarIp[253]" classname="GeneradorIpTest" time="0"/>
  <testcase name="testGenerarIp[254]" classname="GeneradorIpTest" time="0"/>
  <testcase name="testGenerarIp[255]" classname="GeneradorIpTest" time="0.001"/>
  <testcase name="testGenerarIp[256]" classname="GeneradorIpTest" time="0"/>
  <testcase name="testGenerarIp[257]" classname="GeneradorIpTest" time="0"/>
  <testcase name="testGenerarIp[258]" classname="GeneradorIpTest" time="0"/>
  <testcase name="testGenerarIp[259]" classname="GeneradorIpTest" time="0.001"/>
  <testcase name="testGenerarIp[260]" classname="GeneradorIpTest" time="0"/>
  <testcase name="testGenerarIp[261]" classname="GeneradorIpTest" time="0"/>
  <testcase name="testGenerarIp[262]" classname="GeneradorIpTest" time="0.001"/>
  <testcase name="testGenerarIp[263]" classname="GeneradorIpTest" time="0"/>
  <testcase name="testGenerarIp[264]" classname="GeneradorIpTest" time="0"/>
  <testcase name="testGenerarIp[265]" classname="GeneradorIpTest" time="0"/>
  <testcase name="testGenerarIp[266]" classname="GeneradorIpTest" time="0"/>
  <testcase name="testGenerarIp[267]" classname="GeneradorIpTest" time="0"/>
  <testcase name="testGenerarIp[268]" classname="GeneradorIpTest" time="0.001"/>
  <testcase name="testGenerarIp[269]" classname="GeneradorIpTest" time="0"/>
  <testcase name="testGenerarIp[270]" classname="GeneradorIpTest" time="0.001"/>
  <testcase name="testGenerarIp[271]" classname="GeneradorIpTest" time="0"/>
  <testcase name="testGenerarIp[272]" classname="GeneradorIpTest" time="0"/>
  <testcase name="testGenerarIp[273]" classname="GeneradorIpTest" time="0"/>
  <testcase name="testGenerarIp[274]" classname="GeneradorIpTest" time="0"/>
  <testcase name="testGenerarIp[275]" classname="GeneradorIpTest" time="0"/>
  <testcase name="testGenerarIp[276]" classname="GeneradorIpTest" time="0.001"/>
  <testcase name="testGenerarIp[277]" classname="GeneradorIpTest" time="0"/>
  <testcase name="testGenerarIp[278]" classname="GeneradorIpTest" time="0"/>
  <testcase name="testGenerarIp[279]" classname="GeneradorIpTest" time="0"/>
  <testcase name="testGenerarIp[280]" classname="GeneradorIpTest" time="0"/>
  <testcase name="testGenerarIp[281]" classname="GeneradorIpTest" time="0.001"/>
  <testcase name="testGenerarIp[282]" classname="GeneradorIpTest" time="0"/>
  <testcase name="testGenerarIp[283]" classname="GeneradorIpTest" time="0"/>
  <testcase name="testGenerarIp[284]" classname="GeneradorIpTest" time="0"/>
  <testcase name="testGenerarIp[285]" classname="GeneradorIpTest" time="0"/>
  <testcase name="testGenerarIp[286]" classname="GeneradorIpTest" time="0.001"/>
  <testcase name="testGenerarIp[287]" classname="GeneradorIpTest" time="0"/>
  <testcase name="testGenerarIp[288]" classname="GeneradorIpTest" time="0.001"/>
  <testcase name="testGenerarIp[289]" classname="GeneradorIpTest" time="0"/>
  <testcase name="testGenerarIp[290]" classname="GeneradorIpTest" time="0"/>
  <testcase name="testGenerarIp[291]" classname="GeneradorIpTest" time="0"/>
  <testcase name="testGenerarIp[292]" classname="GeneradorIpTest" time="0"/>
  <testcase name="testGenerarIp[293]" classname="GeneradorIpTest" time="0"/>
  <testcase name="testGenerarIp[294]" classname="GeneradorIpTest" time="0"/>
  <testcase name="testGenerarIp[295]" classname="GeneradorIpTest" time="0"/>
  <testcase name="testGenerarIp[296]" classname="GeneradorIpTest" time="0"/>
  <testcase name="testGenerarIp[297]" classname="GeneradorIpTest" time="0"/>
  <testcase name="testGenerarIp[298]" classname="GeneradorIpTest" time="0"/>
  <testcase name="testGenerarIp[299]" classname="GeneradorIpTest" time="0"/>
  <testcase name="testGenerarIp[300]" classname="GeneradorIpTest" time="0"/>
  <testcase name="testGenerarIp[301]" classname="GeneradorIpTest" time="0"/>
  <testcase name="testGenerarIp[302]" classname="GeneradorIpTest" time="0"/>
  <testcase name="testGenerarIp[303]" classname="GeneradorIpTest" time="0"/>
  <testcase name="testGenerarIp[304]" classname="GeneradorIpTest" time="0"/>
  <testcase name="testGenerarIp[305]" classname="GeneradorIpTest" time="0.001"/>
  <testcase name="testGenerarIp[306]" classname="GeneradorIpTest" time="0"/>
  <testcase name="testGenerarIp[307]" classname="GeneradorIpTest" time="0.001"/>
  <testcase name="testGenerarIp[308]" classname="GeneradorIpTest" time="0"/>
  <testcase name="testGenerarIp[309]" classname="GeneradorIpTest" time="0"/>
  <testcase name="testGenerarIp[310]" classname="GeneradorIpTest" time="0"/>
  <testcase name="testGenerarIp[311]" classname="GeneradorIpTest" time="0"/>
  <testcase name="testGenerarIp[312]" classname="GeneradorIpTest" time="0"/>
  <testcase name="testGenerarIp[313]" classname="GeneradorIpTest" time="0"/>
  <testcase name="testGenerarIp[314]" classname="GeneradorIpTest" time="0"/>
  <testcase name="testGenerarIp[315]" classname="GeneradorIpTest" time="0"/>
  <testcase name="testGenerarIp[316]" classname="GeneradorIpTest" time="0"/>
  <testcase name="testGenerarIp[317]" classname="GeneradorIpTest" time="0"/>
  <testcase name="testGenerarIp[318]" classname="GeneradorIpTest" time="0.001"/>
  <testcase name="testGenerarIp[319]" classname="GeneradorIpTest" time="0"/>
  <testcase name="testGenerarIp[320]" classname="GeneradorIpTest" time="0.001"/>
  <testcase name="testGenerarIp[321]" classname="GeneradorIpTest" time="0"/>
  <testcase name="testGenerarIp[322]" classname="GeneradorIpTest" time="0"/>
  <testcase name="testGenerarIp[323]" classname="GeneradorIpTest" time="0"/>
  <testcase name="testGenerarIp[324]" classname="GeneradorIpTest" time="0"/>
  <testcase name="testGenerarIp[325]" classname="GeneradorIpTest" time="0"/>
  <testcase name="testGenerarIp[326]" classname="GeneradorIpTest" time="0"/>
  <testcase name="testGenerarIp[327]" classname="GeneradorIpTest" time="0"/>
  <testcase name="testGenerarIp[328]" classname="GeneradorIpTest" time="0"/>
  <testcase name="testGenerarIp[329]" classname="GeneradorIpTest" time="0"/>
  <testcase name="testGenerarIp[330]" classname="GeneradorIpTest" time="0"/>
  <testcase name="testGenerarIp[331]" classname="GeneradorIpTest" time="0"/>
  <testcase name="testGenerarIp[332]" classname="GeneradorIpTest" time="0.001"/>
  <testcase name="testGenerarIp[333]" classname="GeneradorIpTest" time="0"/>
  <testcase name="testGenerarIp[334]" classname="GeneradorIpTest" time="0"/>
  <testcase name="testGenerarIp[335]" classname="GeneradorIpTest" time="0"/>
  <testcase name="testGenerarIp[336]" classname="GeneradorIpTest" time="0"/>
  <testcase name="testGenerarIp[337]" classname="GeneradorIpTest" time="0.002"/>
  <testcase name="testGenerarIp[338]" classname="GeneradorIpTest" time="0"/>
  <testcase name="testGenerarIp[339]" classname="GeneradorIpTest" time="0.001"/>
  <testcase name="testGenerarIp[340]" classname="GeneradorIpTest" time="0"/>
  <testcase name="testGenerarIp[341]" classname="GeneradorIpTest" time="0.001"/>
  <testcase name="testGenerarIp[342]" classname="GeneradorIpTest" time="0"/>
  <testcase name="testGenerarIp[343]" classname="GeneradorIpTest" time="0"/>
  <testcase name="testGenerarIp[344]" classname="GeneradorIpTest" time="0"/>
  <testcase name="testGenerarIp[345]" classname="GeneradorIpTest" time="0"/>
  <testcase name="testGenerarIp[346]" classname="GeneradorIpTest" time="0"/>
  <testcase name="testGenerarIp[347]" classname="GeneradorIpTest" time="0"/>
  <testcase name="testGenerarIp[348]" classname="GeneradorIpTest" time="0"/>
  <testcase name="testGenerarIp[349]" classname="GeneradorIpTest" time="0"/>
  <testcase name="testGenerarIp[350]" classname="GeneradorIpTest" time="0"/>
  <testcase name="testGenerarIp[351]" classname="GeneradorIpTest" time="0"/>
  <testcase name="testGenerarIp[352]" classname="GeneradorIpTest" time="0"/>
  <testcase name="testGenerarIp[353]" classname="GeneradorIpTest" time="0"/>
  <testcase name="testGenerarIp[354]" classname="GeneradorIpTest" time="0"/>
  <testcase name="testGenerarIp[355]" classname="GeneradorIpTest" time="0"/>
  <testcase name="testGenerarIp[356]" classname="GeneradorIpTest" time="0"/>
  <testcase name="testGenerarIp[357]" classname="GeneradorIpTest" time="0"/>
  <testcase name="testGenerarIp[358]" classname="GeneradorIpTest" time="0"/>
  <testcase name="testGenerarIp[359]" classname="GeneradorIpTest" time="0"/>
  <testcase name="testGenerarIp[360]" classname="GeneradorIpTest" time="0.001"/>
  <testcase name="testGenerarIp[361]" classname="GeneradorIpTest" time="0"/>
  <testcase name="testGenerarIp[362]" classname="GeneradorIpTest" time="0"/>
  <testcase name="testGenerarIp[363]" classname="GeneradorIpTest" time="0"/>
  <testcase name="testGenerarIp[364]" classname="GeneradorIpTest" time="0"/>
  <testcase name="testGenerarIp[365]" classname="GeneradorIpTest" time="0"/>
  <testcase name="testGenerarIp[366]" classname="GeneradorIpTest" time="0"/>
  <testcase name="testGenerarIp[367]" classname="GeneradorIpTest" time="0"/>
  <testcase name="testGenerarIp[368]" classname="GeneradorIpTest" time="0"/>
  <testcase name="testGenerarIp[369]" classname="GeneradorIpTest" time="0"/>
  <testcase name="testGenerarIp[370]" classname="GeneradorIpTest" time="0"/>
  <testcase name="testGenerarIp[371]" classname="GeneradorIpTest" time="0"/>
  <testcase name="testGenerarIp[372]" classname="GeneradorIpTest" time="0.001"/>
  <testcase name="testGenerarIp[373]" classname="GeneradorIpTest" time="0"/>
  <testcase name="testGenerarIp[374]" classname="GeneradorIpTest" time="0.001"/>
  <testcase name="testGenerarIp[375]" classname="GeneradorIpTest" time="0"/>
  <testcase name="testGenerarIp[376]" classname="GeneradorIpTest" time="0"/>
  <testcase name="testGenerarIp[377]" classname="GeneradorIpTest" time="0"/>
  <testcase name="testGenerarIp[378]" classname="GeneradorIpTest" time="0"/>
  <testcase name="testGenerarIp[379]" classname="GeneradorIpTest" time="0"/>
  <testcase name="testGenerarIp[380]" classname="GeneradorIpTest" time="0"/>
  <testcase name="testGenerarIp[381]" classname="GeneradorIpTest" time="0"/>
  <testcase name="testGenerarIp[382]" classname="GeneradorIpTest" time="0"/>
  <testcase name="testGenerarIp[383]" classname="GeneradorIpTest" time="0"/>
  <testcase name="testGenerarIp[384]" classname="GeneradorIpTest" time="0"/>
  <testcase name="testGenerarIp[385]" classname="GeneradorIpTest" time="0"/>
  <testcase name="testGenerarIp[386]" classname="GeneradorIpTest" time="0"/>
  <testcase name="testGenerarIp[387]" classname="GeneradorIpTest" time="0"/>
  <testcase name="testGenerarIp[388]" classname="GeneradorIpTest" time="0"/>
  <testcase name="testGenerarIp[389]" classname="GeneradorIpTest" time="0"/>
  <testcase name="testGenerarIp[390]" classname="GeneradorIpTest" time="0"/>
  <testcase name="testGenerarIp[391]" classname="GeneradorIpTest" time="0"/>
  <testcase name="testGenerarIp[392]" classname="GeneradorIpTest" time="0"/>
  <testcase name="testGenerarIp[393]" classname="GeneradorIpTest" time="0"/>
  <testcase name="testGenerarIp[394]" classname="GeneradorIpTest" time="0"/>
  <testcase name="testGenerarIp[395]" classname="GeneradorIpTest" time="0"/>
  <testcase name="testGenerarIp[396]" classname="GeneradorIpTest" time="0"/>
  <testcase name="testGenerarIp[397]" classname="GeneradorIpTest" time="0"/>
  <testcase name="testGenerarIp[398]" classname="GeneradorIpTest" time="0"/>
  <testcase name="testGenerarIp[399]" classname="GeneradorIpTest" time="0"/>
  <testcase name="testGenerarIp[400]" classname="GeneradorIpTest" time="0"/>
  <testcase name="testGenerarIp[401]" classname="GeneradorIpTest" time="0"/>
  <testcase name="testGenerarIp[402]" classname="GeneradorIpTest" time="0.001"/>
  <testcase name="testGenerarIp[403]" classname="GeneradorIpTest" time="0"/>
  <testcase name="testGenerarIp[404]" classname="GeneradorIpTest" time="0"/>
  <testcase name="testGenerarIp[405]" classname="GeneradorIpTest" time="0"/>
  <testcase name="testGenerarIp[406]" classname="GeneradorIpTest" time="0"/>
  <testcase name="testGenerarIp[407]" classname="GeneradorIpTest" time="0"/>
  <testcase name="testGenerarIp[408]" classname="GeneradorIpTest" time="0"/>
  <testcase name="testGenerarIp[409]" classname="GeneradorIpTest" time="0"/>
  <testcase name="testGenerarIp[410]" classname="GeneradorIpTest" time="0"/>
  <testcase name="testGenerarIp[411]" classname="GeneradorIpTest" time="0"/>
  <testcase name="testGenerarIp[412]" classname="GeneradorIpTest" time="0"/>
  <testcase name="testGenerarIp[413]" classname="GeneradorIpTest" time="0"/>
  <testcase name="testGenerarIp[414]" classname="GeneradorIpTest" time="0.001"/>
  <testcase name="testGenerarIp[415]" classname="GeneradorIpTest" time="0"/>
  <testcase name="testGenerarIp[416]" classname="GeneradorIpTest" time="0.001"/>
  <testcase name="testGenerarIp[417]" classname="GeneradorIpTest" time="0"/>
  <testcase name="testGenerarIp[418]" classname="GeneradorIpTest" time="0"/>
  <testcase name="testGenerarIp[419]" classname="GeneradorIpTest" time="0"/>
  <testcase name="testGenerarIp[420]" classname="GeneradorIpTest" time="0"/>
  <testcase name="testGenerarIp[421]" classname="GeneradorIpTest" time="0"/>
  <testcase name="testGenerarIp[422]" classname="GeneradorIpTest" time="0"/>
  <testcase name="testGenerarIp[423]" classname="GeneradorIpTest" time="0"/>
  <testcase name="testGenerarIp[424]" classname="GeneradorIpTest" time="0"/>
  <testcase name="testGenerarIp[425]" classname="GeneradorIpTest" time="0.001"/>
  <testcase name="testGenerarIp[426]" classname="GeneradorIpTest" time="0"/>
  <testcase name="testGenerarIp[427]" classname="GeneradorIpTest" time="0"/>
  <testcase name="testGenerarIp[428]" classname="GeneradorIpTest" time="0.001"/>
  <testcase name="testGenerarIp[429]" classname="GeneradorIpTest" time="0"/>
  <testcase name="testGenerarIp[430]" classname="GeneradorIpTest" time="0"/>
  <testcase name="testGenerarIp[431]" classname="GeneradorIpTest" time="0"/>
  <testcase name="testGenerarIp[432]" classname="GeneradorIpTest" time="0"/>
  <testcase name="testGenerarIp[433]" classname="GeneradorIpTest" time="0"/>
  <testcase name="testGenerarIp[434]" classname="GeneradorIpTest" time="0"/>
  <testcase name="testGenerarIp[435]" classname="GeneradorIpTest" time="0"/>
  <testcase name="testGenerarIp[436]" classname="GeneradorIpTest" time="0.001"/>
  <testcase name="testGenerarIp[437]" classname="GeneradorIpTest" time="0"/>
  <testcase name="testGenerarIp[438]" classname="GeneradorIpTest" time="0"/>
  <testcase name="testGenerarIp[439]" classname="GeneradorIpTest" time="0"/>
  <testcase name="testGenerarIp[440]" classname="GeneradorIpTest" time="0"/>
  <testcase name="testGenerarIp[441]" classname="GeneradorIpTest" time="0"/>
  <testcase name="testGenerarIp[442]" classname="GeneradorIpTest" time="0"/>
  <testcase name="testGenerarIp[443]" classname="GeneradorIpTest" time="0"/>
  <testcase name="testGenerarIp[444]" classname="GeneradorIpTest" time="0"/>
  <testcase name="testGenerarIp[445]" classname="GeneradorIpTest" time="0"/>
  <testcase name="testGenerarIp[446]" classname="GeneradorIpTest" time="0"/>
  <testcase name="testGenerarIp[447]" classname="GeneradorIpTest" time="0"/>
  <testcase name="testGenerarIp[448]" classname="GeneradorIpTest" time="0"/>
  <testcase name="testGenerarIp[449]" classname="GeneradorIpTest" time="0"/>
  <testcase name="testGenerarIp[450]" classname="GeneradorIpTest" time="0"/>
  <testcase name="testGenerarIp[451]" classname="GeneradorIpTest" time="0"/>
  <testcase name="testGenerarIp[452]" classname="GeneradorIpTest" time="0"/>
  <testcase name="testGenerarIp[453]" classname="GeneradorIpTest" time="0"/>
  <testcase name="testGenerarIp[454]" classname="GeneradorIpTest" time="0"/>
  <testcase name="testGenerarIp[455]" classname="GeneradorIpTest" time="0.001"/>
  <testcase name="testGenerarIp[456]" classname="GeneradorIpTest" time="0"/>
  <testcase name="testGenerarIp[457]" classname="GeneradorIpTest" time="0"/>
  <testcase name="testGenerarIp[458]" classname="GeneradorIpTest" time="0"/>
  <testcase name="testGenerarIp[459]" classname="GeneradorIpTest" time="0.001"/>
  <testcase name="testGenerarIp[460]" classname="GeneradorIpTest" time="0"/>
  <testcase name="testGenerarIp[461]" classname="GeneradorIpTest" time="0.001"/>
  <testcase name="testGenerarIp[462]" classname="GeneradorIpTest" time="0"/>
  <testcase name="testGenerarIp[463]" classname="GeneradorIpTest" time="0.001"/>
  <testcase name="testGenerarIp[464]" classname="GeneradorIpTest" time="0"/>
  <testcase name="testGenerarIp[465]" classname="GeneradorIpTest" time="0.001"/>
  <testcase name="testGenerarIp[466]" classname="GeneradorIpTest" time="0"/>
  <testcase name="testGenerarIp[467]" classname="GeneradorIpTest" time="0.002"/>
  <testcase name="testGenerarIp[468]" classname="GeneradorIpTest" time="0"/>
  <testcase name="testGenerarIp[469]" classname="GeneradorIpTest" time="0"/>
  <testcase name="testGenerarIp[470]" classname="GeneradorIpTest" time="0"/>
  <testcase name="testGenerarIp[471]" classname="GeneradorIpTest" time="0"/>
  <testcase name="testGenerarIp[472]" classname="GeneradorIpTest" time="0"/>
  <testcase name="testGenerarIp[473]" classname="GeneradorIpTest" time="0"/>
  <testcase name="testGenerarIp[474]" classname="GeneradorIpTest" time="0"/>
  <testcase name="testGenerarIp[475]" classname="GeneradorIpTest" time="0.001"/>
  <testcase name="testGenerarIp[476]" classname="GeneradorIpTest" time="0"/>
  <testcase name="testGenerarIp[477]" classname="GeneradorIpTest" time="0.001"/>
  <testcase name="testGenerarIp[478]" classname="GeneradorIpTest" time="0"/>
  <testcase name="testGenerarIp[479]" classname="GeneradorIpTest" time="0.001"/>
  <testcase name="testGenerarIp[480]" classname="GeneradorIpTest" time="0"/>
  <testcase name="testGenerarIp[481]" classname="GeneradorIpTest" time="0"/>
  <testcase name="testGenerarIp[482]" classname="GeneradorIpTest" time="0"/>
  <testcase name="testGenerarIp[483]" classname="GeneradorIpTest" time="0"/>
  <testcase name="testGenerarIp[484]" classname="GeneradorIpTest" time="0"/>
  <testcase name="testGenerarIp[485]" classname="GeneradorIpTest" time="0"/>
  <testcase name="testGenerarIp[486]" classname="GeneradorIpTest" time="0"/>
  <testcase name="testGenerarIp[487]" classname="GeneradorIpTest" time="0"/>
  <testcase name="testGenerarIp[488]" classname="GeneradorIpTest" time="0.001"/>
  <testcase name="testGenerarIp[489]" classname="GeneradorIpTest" time="0"/>
  <testcase name="testGenerarIp[490]" classname="GeneradorIpTest" time="0"/>
  <testcase name="testGenerarIp[491]" classname="GeneradorIpTest" time="0"/>
  <testcase name="testGenerarIp[492]" classname="GeneradorIpTest" time="0"/>
  <testcase name="testGenerarIp[493]" classname="GeneradorIpTest" time="0.001"/>
  <testcase name="testGenerarIp[494]" classname="GeneradorIpTest" time="0"/>
  <testcase name="testGenerarIp[495]" classname="GeneradorIpTest" time="0"/>
  <testcase name="testGenerarIp[496]" classname="GeneradorIpTest" time="0"/>
  <testcase name="testGenerarIp[497]" classname="GeneradorIpTest" time="0"/>
  <testcase name="testGenerarIp[498]" classname="GeneradorIpTest" time="0"/>
  <testcase name="testGenerarIp[499]" classname="GeneradorIpTest" time="0"/>
  <testcase name="testGenerarIp[500]" classname="GeneradorIpTest" time="0.001"/>
  <testcase name="testGenerarIp[501]" classname="GeneradorIpTest" time="0"/>
  <testcase name="testGenerarIp[502]" classname="GeneradorIpTest" time="0"/>
  <testcase name="testGenerarIp[503]" classname="GeneradorIpTest" time="0"/>
  <testcase name="testGenerarIp[504]" classname="GeneradorIpTest" time="0"/>
  <testcase name="testGenerarIp[505]" classname="GeneradorIpTest" time="0"/>
  <testcase name="testGenerarIp[506]" classname="GeneradorIpTest" time="0"/>
  <testcase name="testGenerarIp[507]" classname="GeneradorIpTest" time="0"/>
  <testcase name="testGenerarIp[508]" classname="GeneradorIpTest" time="0.002"/>
  <testcase name="testGenerarIp[509]" classname="GeneradorIpTest" time="0.001"/>
  <testcase name="testGenerarIp[510]" classname="GeneradorIpTest" time="0"/>
  <testcase name="testGenerarIp[511]" classname="GeneradorIpTest" time="0"/>
  <testcase name="testGenerarIp[512]" classname="GeneradorIpTest" time="0"/>
  <testcase name="testGenerarIp[513]" classname="GeneradorIpTest" time="0"/>
  <testcase name="testGenerarIp[514]" classname="GeneradorIpTest" time="0"/>
  <testcase name="testGenerarIp[515]" classname="GeneradorIpTest" time="0"/>
  <testcase name="testGenerarIp[516]" classname="GeneradorIpTest" time="0"/>
  <testcase name="testGenerarIp[517]" classname="GeneradorIpTest" time="0.001"/>
  <testcase name="testGenerarIp[518]" classname="GeneradorIpTest" time="0"/>
  <testcase name="testGenerarIp[519]" classname="GeneradorIpTest" time="0.001"/>
  <testcase name="testGenerarIp[520]" classname="GeneradorIpTest" time="0"/>
  <testcase name="testGenerarIp[521]" classname="GeneradorIpTest" time="0.001"/>
  <testcase name="testGenerarIp[522]" classname="GeneradorIpTest" time="0"/>
  <testcase name="testGenerarIp[523]" classname="GeneradorIpTest" time="0.001"/>
  <testcase name="testGenerarIp[524]" classname="GeneradorIpTest" time="0"/>
  <testcase name="testGenerarIp[525]" classname="GeneradorIpTest" time="0.001"/>
  <testcase name="testGenerarIp[526]" classname="GeneradorIpTest" time="0"/>
  <testcase name="testGenerarIp[527]" classname="GeneradorIpTest" time="0"/>
  <testcase name="testGenerarIp[528]" classname="GeneradorIpTest" time="0"/>
  <testcase name="testGenerarIp[529]" classname="GeneradorIpTest" time="0"/>
  <testcase name="testGenerarIp[530]" classname="GeneradorIpTest" time="0"/>
  <testcase name="testGenerarIp[531]" classname="GeneradorIpTest" time="0.001"/>
  <testcase name="testGenerarIp[532]" classname="GeneradorIpTest" time="0"/>
  <testcase name="testGenerarIp[533]" classname="GeneradorIpTest" time="0.001"/>
  <testcase name="testGenerarIp[534]" classname="GeneradorIpTest" time="0"/>
  <testcase name="testGenerarIp[535]" classname="GeneradorIpTest" time="0"/>
  <testcase name="testGenerarIp[536]" classname="GeneradorIpTest" time="0"/>
  <testcase name="testGenerarIp[537]" classname="GeneradorIpTest" time="0"/>
  <testcase name="testGenerarIp[538]" classname="GeneradorIpTest" time="0"/>
  <testcase name="testGenerarIp[539]" classname="GeneradorIpTest" time="0"/>
  <testcase name="testGenerarIp[540]" classname="GeneradorIpTest" time="0"/>
  <testcase name="testGenerarIp[541]" classname="GeneradorIpTest" time="0.001"/>
  <testcase name="testGenerarIp[542]" classname="GeneradorIpTest" time="0"/>
  <testcase name="testGenerarIp[543]" classname="GeneradorIpTest" time="0"/>
  <testcase name="testGenerarIp[544]" classname="GeneradorIpTest" time="0"/>
  <testcase name="testGenerarIp[545]" classname="GeneradorIpTest" time="0.001"/>
  <testcase name="testGenerarIp[546]" classname="GeneradorIpTest" time="0"/>
  <testcase name="testGenerarIp[547]" classname="GeneradorIpTest" time="0.001"/>
  <testcase name="testGenerarIp[548]" classname="GeneradorIpTest" time="0"/>
  <testcase name="testGenerarIp[549]" classname="GeneradorIpTest" time="0"/>
  <testcase name="testGenerarIp[550]" classname="GeneradorIpTest" time="0"/>
  <testcase name="testGenerarIp[551]" classname="GeneradorIpTest" time="0"/>
  <testcase name="testGenerarIp[552]" classname="GeneradorIpTest" time="0.001"/>
  <testcase name="testGenerarIp[553]" classname="GeneradorIpTest" time="0"/>
  <testcase name="testGenerarIp[554]" classname="GeneradorIpTest" time="0"/>
  <testcase name="testGenerarIp[555]" classname="GeneradorIpTest" time="0"/>
  <testcase name="testGenerarIp[556]" classname="GeneradorIpTest" time="0.001"/>
  <testcase name="testGenerarIp[557]" classname="GeneradorIpTest" time="0"/>
  <testcase name="testGenerarIp[558]" classname="GeneradorIpTest" time="0.001"/>
  <testcase name="testGenerarIp[559]" classname="GeneradorIpTest" time="0"/>
  <testcase name="testGenerarIp[560]" classname="GeneradorIpTest" time="0.001"/>
  <testcase name="testGenerarIp[561]" classname="GeneradorIpTest" time="0"/>
  <testcase name="testGenerarIp[562]" classname="GeneradorIpTest" time="0"/>
  <testcase name="testGenerarIp[563]" classname="GeneradorIpTest" time="0"/>
  <testcase name="testGenerarIp[564]" classname="GeneradorIpTest" time="0"/>
  <testcase name="testGenerarIp[565]" classname="GeneradorIpTest" time="0"/>
  <testcase name="testGenerarIp[566]" classname="GeneradorIpTest" time="0"/>
  <testcase name="testGenerarIp[567]" classname="GeneradorIpTest" time="0"/>
  <testcase name="testGenerarIp[568]" classname="GeneradorIpTest" time="0"/>
  <testcase name="testGenerarIp[569]" classname="GeneradorIpTest" time="0"/>
  <testcase name="testGenerarIp[570]" classname="GeneradorIpTest" time="0"/>
  <testcase name="testGenerarIp[571]" classname="GeneradorIpTest" time="0"/>
  <testcase name="testGenerarIp[572]" classname="GeneradorIpTest" time="0"/>
  <testcase name="testGenerarIp[573]" classname="GeneradorIpTest" time="0"/>
  <testcase name="testGenerarIp[574]" classname="GeneradorIpTest" time="0"/>
  <testcase name="testGenerarIp[575]" classname="GeneradorIpTest" time="0"/>
  <testcase name="testGenerarIp[576]" classname="GeneradorIpTest" time="0.001"/>
  <testcase name="testGenerarIp[577]" classname="GeneradorIpTest" time="0"/>
  <testcase name="testGenerarIp[578]" classname="GeneradorIpTest" time="0"/>
  <testcase name="testGenerarIp[579]" classname="GeneradorIpTest" time="0"/>
  <testcase name="testGenerarIp[580]" classname="GeneradorIpTest" time="0"/>
  <testcase name="testGenerarIp[581]" classname="GeneradorIpTest" time="0"/>
  <testcase name="testGenerarIp[582]" classname="GeneradorIpTest" time="0"/>
  <testcase name="testGenerarIp[583]" classname="GeneradorIpTest" time="0.001"/>
  <testcase name="testGenerarIp[584]" classname="GeneradorIpTest" time="0"/>
  <testcase name="testGenerarIp[585]" classname="GeneradorIpTest" time="0"/>
  <testcase name="testGenerarIp[586]" classname="GeneradorIpTest" time="0"/>
  <testcase name="testGenerarIp[587]" classname="GeneradorIpTest" time="0"/>
  <testcase name="testGenerarIp[588]" classname="GeneradorIpTest" time="0"/>
  <testcase name="testGenerarIp[589]" classname="GeneradorIpTest" time="0"/>
  <testcase name="testGenerarIp[590]" classname="GeneradorIpTest" time="0"/>
  <testcase name="testGenerarIp[591]" classname="GeneradorIpTest" time="0"/>
  <testcase name="testGenerarIp[592]" classname="GeneradorIpTest" time="0"/>
  <testcase name="testGenerarIp[593]" classname="GeneradorIpTest" time="0"/>
  <testcase name="testGenerarIp[594]" classname="GeneradorIpTest" time="0"/>
  <testcase name="testGenerarIp[595]" classname="GeneradorIpTest" time="0"/>
  <testcase name="testGenerarIp[596]" classname="GeneradorIpTest" time="0"/>
  <testcase name="testGenerarIp[597]" classname="GeneradorIpTest" time="0"/>
  <testcase name="testGenerarIp[598]" classname="GeneradorIpTest" time="0"/>
  <testcase name="testGenerarIp[599]" classname="GeneradorIpTest" time="0"/>
  <testcase name="testGenerarIp[600]" classname="GeneradorIpTest" time="0"/>
  <testcase name="testGenerarIp[601]" classname="GeneradorIpTest" time="0"/>
  <testcase name="testGenerarIp[602]" classname="GeneradorIpTest" time="0.001"/>
  <testcase name="testGenerarIp[603]" classname="GeneradorIpTest" time="0"/>
  <testcase name="testGenerarIp[604]" classname="GeneradorIpTest" time="0"/>
  <testcase name="testGenerarIp[605]" classname="GeneradorIpTest" time="0"/>
  <testcase name="testGenerarIp[606]" classname="GeneradorIpTest" time="0.001"/>
  <testcase name="testGenerarIp[607]" classname="GeneradorIpTest" time="0"/>
  <testcase name="testGenerarIp[608]" classname="GeneradorIpTest" time="0"/>
  <testcase name="testGenerarIp[609]" classname="GeneradorIpTest" time="0"/>
  <testcase name="testGenerarIp[610]" classname="GeneradorIpTest" time="0"/>
  <testcase name="testGenerarIp[611]" classname="GeneradorIpTest" time="0"/>
  <testcase name="testGenerarIp[612]" classname="GeneradorIpTest" time="0"/>
  <testcase name="testGenerarIp[613]" classname="GeneradorIpTest" time="0"/>
  <testcase name="testGenerarIp[614]" classname="GeneradorIpTest" time="0"/>
  <testcase name="testGenerarIp[615]" classname="GeneradorIpTest" time="0"/>
  <testcase name="testGenerarIp[616]" classname="GeneradorIpTest" time="0"/>
  <testcase name="testGenerarIp[617]" classname="GeneradorIpTest" time="0"/>
  <testcase name="testGenerarIp[618]" classname="GeneradorIpTest" time="0"/>
  <testcase name="testGenerarIp[619]" classname="GeneradorIpTest" time="0"/>
  <testcase name="testGenerarIp[620]" classname="GeneradorIpTest" time="0"/>
  <testcase name="testGenerarIp[621]" classname="GeneradorIpTest" time="0"/>
  <testcase name="testGenerarIp[622]" classname="GeneradorIpTest" time="0"/>
  <testcase name="testGenerarIp[623]" classname="GeneradorIpTest" time="0"/>
  <testcase name="testGenerarIp[624]" classname="GeneradorIpTest" time="0"/>
  <testcase name="testGenerarIp[625]" classname="GeneradorIpTest" time="0"/>
  <testcase name="testGenerarIp[626]" classname="GeneradorIpTest" time="0"/>
  <testcase name="testGenerarIp[627]" classname="GeneradorIpTest" time="0"/>
  <testcase name="testGenerarIp[628]" classname="GeneradorIpTest" time="0"/>
  <testcase name="testGenerarIp[629]" classname="GeneradorIpTest" time="0"/>
  <testcase name="testGenerarIp[630]" classname="GeneradorIpTest" time="0"/>
  <testcase name="testGenerarIp[631]" classname="GeneradorIpTest" time="0"/>
  <testcase name="testGenerarIp[632]" classname="GeneradorIpTest" time="0"/>
  <testcase name="testGenerarIp[633]" classname="GeneradorIpTest" time="0.002"/>
  <testcase name="testGenerarIp[634]" classname="GeneradorIpTest" time="0"/>
  <testcase name="testGenerarIp[635]" classname="GeneradorIpTest" time="0.001"/>
  <testcase name="testGenerarIp[636]" classname="GeneradorIpTest" time="0"/>
  <testcase name="testGenerarIp[637]" classname="GeneradorIpTest" time="0.001"/>
  <testcase name="testGenerarIp[638]" classname="GeneradorIpTest" time="0"/>
  <testcase name="testGenerarIp[639]" classname="GeneradorIpTest" time="0"/>
  <testcase name="testGenerarIp[640]" classname="GeneradorIpTest" time="0.001"/>
  <testcase name="testGenerarIp[641]" classname="GeneradorIpTest" time="0"/>
  <testcase name="testGenerarIp[642]" classname="GeneradorIpTest" time="0.001"/>
  <testcase name="testGenerarIp[643]" classname="GeneradorIpTest" time="0"/>
  <testcase name="testGenerarIp[644]" classname="GeneradorIpTest" time="0"/>
  <testcase name="testGenerarIp[645]" classname="GeneradorIpTest" time="0"/>
  <testcase name="testGenerarIp[646]" classname="GeneradorIpTest" time="0"/>
  <testcase name="testGenerarIp[647]" classname="GeneradorIpTest" time="0"/>
  <testcase name="testGenerarIp[648]" classname="GeneradorIpTest" time="0"/>
  <testcase name="testGenerarIp[649]" classname="GeneradorIpTest" time="0"/>
  <testcase name="testGenerarIp[650]" classname="GeneradorIpTest" time="0"/>
  <testcase name="testGenerarIp[651]" classname="GeneradorIpTest" time="0"/>
  <testcase name="testGenerarIp[652]" classname="GeneradorIpTest" time="0"/>
  <testcase name="testGenerarIp[653]" classname="GeneradorIpTest" time="0"/>
  <testcase name="testGenerarIp[654]" classname="GeneradorIpTest" time="0"/>
  <testcase name="testGenerarIp[655]" classname="GeneradorIpTest" time="0"/>
  <testcase name="testGenerarIp[656]" classname="GeneradorIpTest" time="0"/>
  <testcase name="testGenerarIp[657]" classname="GeneradorIpTest" time="0"/>
  <testcase name="testGenerarIp[658]" classname="GeneradorIpTest" time="0"/>
  <testcase name="testGenerarIp[659]" classname="GeneradorIpTest" time="0"/>
  <testcase name="testGenerarIp[660]" classname="GeneradorIpTest" time="0"/>
  <testcase name="testGenerarIp[661]" classname="GeneradorIpTest" time="0"/>
  <testcase name="testGenerarIp[662]" classname="GeneradorIpTest" time="0"/>
  <testcase name="testGenerarIp[663]" classname="GeneradorIpTest" time="0.001"/>
  <testcase name="testGenerarIp[664]" classname="GeneradorIpTest" time="0"/>
  <testcase name="testGenerarIp[665]" classname="GeneradorIpTest" time="0"/>
  <testcase name="testGenerarIp[666]" classname="GeneradorIpTest" time="0"/>
  <testcase name="testGenerarIp[667]" classname="GeneradorIpTest" time="0"/>
  <testcase name="testGenerarIp[668]" classname="GeneradorIpTest" time="0"/>
  <testcase name="testGenerarIp[669]" classname="GeneradorIpTest" time="0"/>
  <testcase name="testGenerarIp[670]" classname="GeneradorIpTest" time="0"/>
  <testcase name="testGenerarIp[671]" classname="GeneradorIpTest" time="0"/>
  <testcase name="testGenerarIp[672]" classname="GeneradorIpTest" time="0"/>
  <testcase name="testGenerarIp[673]" classname="GeneradorIpTest" time="0"/>
  <testcase name="testGenerarIp[674]" classname="GeneradorIpTest" time="0"/>
  <testcase name="testGenerarIp[675]" classname="GeneradorIpTest" time="0.001"/>
  <testcase name="testGenerarIp[676]" classname="GeneradorIpTest" time="0"/>
  <testcase name="testGenerarIp[677]" classname="GeneradorIpTest" time="0.001"/>
  <testcase name="testGenerarIp[678]" classname="GeneradorIpTest" time="0"/>
  <testcase name="testGenerarIp[679]" classname="GeneradorIpTest" time="0"/>
  <testcase name="testGenerarIp[680]" classname="GeneradorIpTest" time="0"/>
  <testcase name="testGenerarIp[681]" classname="GeneradorIpTest" time="0.001"/>
  <testcase name="testGenerarIp[682]" classname="GeneradorIpTest" time="0"/>
  <testcase name="testGenerarIp[683]" classname="GeneradorIpTest" time="0"/>
  <testcase name="testGenerarIp[684]" classname="GeneradorIpTest" time="0.001"/>
  <testcase name="testGenerarIp[685]" classname="GeneradorIpTest" time="0"/>
  <testcase name="testGenerarIp[686]" classname="GeneradorIpTest" time="0"/>
  <testcase name="testGenerarIp[687]" classname="GeneradorIpTest" time="0"/>
  <testcase name="testGenerarIp[688]" classname="GeneradorIpTest" time="0"/>
  <testcase name="testGenerarIp[689]" classname="GeneradorIpTest" time="0"/>
  <testcase name="testGenerarIp[690]" classname="GeneradorIpTest" time="0"/>
  <testcase name="testGenerarIp[691]" classname="GeneradorIpTest" time="0"/>
  <testcase name="testGenerarIp[692]" classname="GeneradorIpTest" time="0"/>
  <testcase name="testGenerarIp[693]" classname="GeneradorIpTest" time="0"/>
  <testcase name="testGenerarIp[694]" classname="GeneradorIpTest" time="0"/>
  <testcase name="testGenerarIp[695]" classname="GeneradorIpTest" time="0"/>
  <testcase name="testGenerarIp[696]" classname="GeneradorIpTest" time="0"/>
  <testcase name="testGenerarIp[697]" classname="GeneradorIpTest" time="0"/>
  <testcase name="testGenerarIp[698]" classname="GeneradorIpTest" time="0"/>
  <testcase name="testGenerarIp[699]" classname="GeneradorIpTest" time="0"/>
  <testcase name="testGenerarIp[700]" classname="GeneradorIpTest" time="0"/>
  <testcase name="testGenerarIp[701]" classname="GeneradorIpTest" time="0"/>
  <testcase name="testGenerarIp[702]" classname="GeneradorIpTest" time="0"/>
  <testcase name="testGenerarIp[703]" classname="GeneradorIpTest" time="0"/>
  <testcase name="testGenerarIp[704]" classname="GeneradorIpTest" time="0"/>
  <testcase name="testGenerarIp[705]" classname="GeneradorIpTest" time="0.001"/>
  <testcase name="testGenerarIp[706]" classname="GeneradorIpTest" time="0"/>
  <testcase name="testGenerarIp[707]" classname="GeneradorIpTest" time="0.001"/>
  <testcase name="testGenerarIp[708]" classname="GeneradorIpTest" time="0"/>
  <testcase name="testGenerarIp[709]" classname="GeneradorIpTest" time="0"/>
  <testcase name="testGenerarIp[710]" classname="GeneradorIpTest" time="0"/>
  <testcase name="testGenerarIp[711]" classname="GeneradorIpTest" time="0"/>
  <testcase name="testGenerarIp[712]" classname="GeneradorIpTest" time="0"/>
  <testcase name="testGenerarIp[713]" classname="GeneradorIpTest" time="0"/>
  <testcase name="testGenerarIp[714]" classname="GeneradorIpTest" time="0"/>
  <testcase name="testGenerarIp[715]" classname="GeneradorIpTest" time="0"/>
  <testcase name="testGenerarIp[716]" classname="GeneradorIpTest" time="0"/>
  <testcase name="testGenerarIp[717]" classname="GeneradorIpTest" time="0"/>
  <testcase name="testGenerarIp[718]" classname="GeneradorIpTest" time="0"/>
  <testcase name="testGenerarIp[719]" classname="GeneradorIpTest" time="0.001"/>
  <testcase name="testGenerarIp[720]" classname="GeneradorIpTest" time="0"/>
  <testcase name="testGenerarIp[721]" classname="GeneradorIpTest" time="0"/>
  <testcase name="testGenerarIp[722]" classname="GeneradorIpTest" time="0"/>
  <testcase name="testGenerarIp[723]" classname="GeneradorIpTest" time="0"/>
  <testcase name="testGenerarIp[724]" classname="GeneradorIpTest" time="0"/>
  <testcase name="testGenerarIp[725]" classname="GeneradorIpTest" time="0"/>
  <testcase name="testGenerarIp[726]" classname="GeneradorIpTest" time="0"/>
  <testcase name="testGenerarIp[727]" classname="GeneradorIpTest" time="0"/>
  <testcase name="testGenerarIp[728]" classname="GeneradorIpTest" time="0"/>
  <testcase name="testGenerarIp[729]" classname="GeneradorIpTest" time="0.001"/>
  <testcase name="testGenerarIp[730]" classname="GeneradorIpTest" time="0"/>
  <testcase name="testGenerarIp[731]" classname="GeneradorIpTest" time="0"/>
  <testcase name="testGenerarIp[732]" classname="GeneradorIpTest" time="0"/>
  <testcase name="testGenerarIp[733]" classname="GeneradorIpTest" time="0.001"/>
  <testcase name="testGenerarIp[734]" classname="GeneradorIpTest" time="0"/>
  <testcase name="testGenerarIp[735]" classname="GeneradorIpTest" time="0"/>
  <testcase name="testGenerarIp[736]" classname="GeneradorIpTest" time="0"/>
  <testcase name="testGenerarIp[737]" classname="GeneradorIpTest" time="0"/>
  <testcase name="testGenerarIp[738]" classname="GeneradorIpTest" time="0"/>
  <testcase name="testGenerarIp[739]" classname="GeneradorIpTest" time="0"/>
  <testcase name="testGenerarIp[740]" classname="GeneradorIpTest" time="0"/>
  <testcase name="testGenerarIp[741]" classname="GeneradorIpTest" time="0"/>
  <testcase name="testGenerarIp[742]" classname="GeneradorIpTest" time="0"/>
  <testcase name="testGenerarIp[743]" classname="GeneradorIpTest" time="0.001"/>
  <testcase name="testGenerarIp[744]" classname="GeneradorIpTest" time="0"/>
  <testcase name="testGenerarIp[745]" classname="GeneradorIpTest" time="0"/>
  <testcase name="testGenerarIp[746]" classname="GeneradorIpTest" time="0"/>
  <testcase name="testGenerarIp[747]" classname="GeneradorIpTest" time="0"/>
  <testcase name="testGenerarIp[748]" classname="GeneradorIpTest" time="0"/>
  <testcase name="testGenerarIp[749]" classname="GeneradorIpTest" time="0"/>
  <testcase name="testGenerarIp[750]" classname="GeneradorIpTest" time="0"/>
  <testcase name="testGenerarIp[751]" classname="GeneradorIpTest" time="0.001"/>
  <testcase name="testGenerarIp[752]" classname="GeneradorIpTest" time="0"/>
  <testcase name="testGenerarIp[753]" classname="GeneradorIpTest" time="0"/>
  <testcase name="testGenerarIp[754]" classname="GeneradorIpTest" time="0"/>
  <testcase name="testGenerarIp[755]" classname="GeneradorIpTest" time="0"/>
  <testcase name="testGenerarIp[756]" classname="GeneradorIpTest" time="0"/>
  <testcase name="testGenerarIp[757]" classname="GeneradorIpTest" time="0"/>
  <testcase name="testGenerarIp[758]" classname="GeneradorIpTest" time="0"/>
  <testcase name="testGenerarIp[759]" classname="GeneradorIpTest" time="0"/>
  <testcase name="testGenerarIp[760]" classname="GeneradorIpTest" time="0"/>
  <testcase name="testGenerarIp[761]" classname="GeneradorIpTest" time="0.001"/>
  <testcase name="testGenerarIp[762]" classname="GeneradorIpTest" time="0"/>
  <testcase name="testGenerarIp[763]" classname="GeneradorIpTest" time="0"/>
  <testcase name="testGenerarIp[764]" classname="GeneradorIpTest" time="0"/>
  <testcase name="testGenerarIp[765]" classname="GeneradorIpTest" time="0"/>
  <testcase name="testGenerarIp[766]" classname="GeneradorIpTest" time="0"/>
  <testcase name="testGenerarIp[767]" classname="GeneradorIpTest" time="0"/>
  <testcase name="testGenerarIp[768]" classname="GeneradorIpTest" time="0"/>
  <testcase name="testGenerarIp[769]" classname="GeneradorIpTest" time="0"/>
  <testcase name="testGenerarIp[770]" classname="GeneradorIpTest" time="0.001"/>
  <testcase name="testGenerarIp[771]" classname="GeneradorIpTest" time="0"/>
  <testcase name="testGenerarIp[772]" classname="GeneradorIpTest" time="0.001"/>
  <testcase name="testGenerarIp[773]" classname="GeneradorIpTest" time="0"/>
  <testcase name="testGenerarIp[774]" classname="GeneradorIpTest" time="0"/>
  <testcase name="testGenerarIp[775]" classname="GeneradorIpTest" time="0"/>
  <testcase name="testGenerarIp[776]" classname="GeneradorIpTest" time="0"/>
  <testcase name="testGenerarIp[777]" classname="GeneradorIpTest" time="0"/>
  <testcase name="testGenerarIp[778]" classname="GeneradorIpTest" time="0"/>
  <testcase name="testGenerarIp[779]" classname="GeneradorIpTest" time="0"/>
  <testcase name="testGenerarIp[780]" classname="GeneradorIpTest" time="0"/>
  <testcase name="testGenerarIp[781]" classname="GeneradorIpTest" time="0"/>
  <testcase name="testGenerarIp[782]" classname="GeneradorIpTest" time="0.001"/>
  <testcase name="testGenerarIp[783]" classname="GeneradorIpTest" time="0"/>
  <testcase name="testGenerarIp[784]" classname="GeneradorIpTest" time="0"/>
  <testcase name="testGenerarIp[785]" classname="GeneradorIpTest" time="0.001"/>
  <testcase name="testGenerarIp[786]" classname="GeneradorIpTest" time="0"/>
  <testcase name="testGenerarIp[787]" classname="GeneradorIpTest" time="0"/>
  <testcase name="testGenerarIp[788]" classname="GeneradorIpTest" time="0"/>
  <testcase name="testGenerarIp[789]" classname="GeneradorIpTest" time="0.001"/>
  <testcase name="testGenerarIp[790]" classname="GeneradorIpTest" time="0"/>
  <testcase name="testGenerarIp[791]" classname="GeneradorIpTest" time="0.001"/>
  <testcase name="testGenerarIp[792]" classname="GeneradorIpTest" time="0"/>
  <testcase name="testGenerarIp[793]" classname="GeneradorIpTest" time="0"/>
  <testcase name="testGenerarIp[794]" classname="GeneradorIpTest" time="0"/>
  <testcase name="testGenerarIp[795]" classname="GeneradorIpTest" time="0"/>
  <testcase name="testGenerarIp[796]" classname="GeneradorIpTest" time="0.001"/>
  <testcase name="testGenerarIp[797]" classname="GeneradorIpTest" time="0"/>
  <testcase name="testGenerarIp[798]" classname="GeneradorIpTest" time="0"/>
  <testcase name="testGenerarIp[799]" classname="GeneradorIpTest" time="0"/>
  <testcase name="testGenerarIp[800]" classname="GeneradorIpTest" time="0"/>
  <testcase name="testGenerarIp[801]" classname="GeneradorIpTest" time="0"/>
  <testcase name="testGenerarIp[802]" classname="GeneradorIpTest" time="0.001"/>
  <testcase name="testGenerarIp[803]" classname="GeneradorIpTest" time="0"/>
  <testcase name="testGenerarIp[804]" classname="GeneradorIpTest" time="0"/>
  <testcase name="testGenerarIp[805]" classname="GeneradorIpTest" time="0"/>
  <testcase name="testGenerarIp[806]" classname="GeneradorIpTest" time="0"/>
  <testcase name="testGenerarIp[807]" classname="GeneradorIpTest" time="0"/>
  <testcase name="testGenerarIp[808]" classname="GeneradorIpTest" time="0"/>
  <testcase name="testGenerarIp[809]" classname="GeneradorIpTest" time="0"/>
  <testcase name="testGenerarIp[810]" classname="GeneradorIpTest" time="0"/>
  <testcase name="testGenerarIp[811]" classname="GeneradorIpTest" time="0"/>
  <testcase name="testGenerarIp[812]" classname="GeneradorIpTest" time="0"/>
  <testcase name="testGenerarIp[813]" classname="GeneradorIpTest" time="0"/>
  <testcase name="testGenerarIp[814]" classname="GeneradorIpTest" time="0"/>
  <testcase name="testGenerarIp[815]" classname="GeneradorIpTest" time="0"/>
  <testcase name="testGenerarIp[816]" classname="GeneradorIpTest" time="0"/>
  <testcase name="testGenerarIp[817]" classname="GeneradorIpTest" time="0.001"/>
  <testcase name="testGenerarIp[818]" classname="GeneradorIpTest" time="0"/>
  <testcase name="testGenerarIp[819]" classname="GeneradorIpTest" time="0"/>
  <testcase name="testGenerarIp[820]" classname="GeneradorIpTest" time="0"/>
  <testcase name="testGenerarIp[821]" classname="GeneradorIpTest" time="0"/>
  <testcase name="testGenerarIp[822]" classname="GeneradorIpTest" time="0"/>
  <testcase name="testGenerarIp[823]" classname="GeneradorIpTest" time="0"/>
  <testcase name="testGenerarIp[824]" classname="GeneradorIpTest" time="0"/>
  <testcase name="testGenerarIp[825]" classname="GeneradorIpTest" time="0"/>
  <testcase name="testGenerarIp[826]" classname="GeneradorIpTest" time="0"/>
  <testcase name="testGenerarIp[827]" classname="GeneradorIpTest" time="0"/>
  <testcase name="testGenerarIp[828]" classname="GeneradorIpTest" time="0"/>
  <testcase name="testGenerarIp[829]" classname="GeneradorIpTest" time="0"/>
  <testcase name="testGenerarIp[830]" classname="GeneradorIpTest" time="0"/>
  <testcase name="testGenerarIp[831]" classname="GeneradorIpTest" time="0"/>
  <testcase name="testGenerarIp[832]" classname="GeneradorIpTest" time="0"/>
  <testcase name="testGenerarIp[833]" classname="GeneradorIpTest" time="0"/>
  <testcase name="testGenerarIp[834]" classname="GeneradorIpTest" time="0"/>
  <testcase name="testGenerarIp[835]" classname="GeneradorIpTest" time="0"/>
  <testcase name="testGenerarIp[836]" classname="GeneradorIpTest" time="0.001"/>
  <testcase name="testGenerarIp[837]" classname="GeneradorIpTest" time="0"/>
  <testcase name="testGenerarIp[838]" classname="GeneradorIpTest" time="0"/>
  <testcase name="testGenerarIp[839]" classname="GeneradorIpTest" time="0"/>
  <testcase name="testGenerarIp[840]" classname="GeneradorIpTest" time="0"/>
  <testcase name="testGenerarIp[841]" classname="GeneradorIpTest" time="0"/>
  <testcase name="testGenerarIp[842]" classname="GeneradorIpTest" time="0"/>
  <testcase name="testGenerarIp[843]" classname="GeneradorIpTest" time="0"/>
  <testcase name="testGenerarIp[844]" classname="GeneradorIpTest" time="0"/>
  <testcase name="testGenerarIp[845]" classname="GeneradorIpTest" time="0"/>
  <testcase name="testGenerarIp[846]" classname="GeneradorIpTest" time="0"/>
  <testcase name="testGenerarIp[847]" classname="GeneradorIpTest" time="0"/>
  <testcase name="testGenerarIp[848]" classname="GeneradorIpTest" time="0"/>
  <testcase name="testGenerarIp[849]" classname="GeneradorIpTest" time="0"/>
  <testcase name="testGenerarIp[850]" classname="GeneradorIpTest" time="0"/>
  <testcase name="testGenerarIp[851]" classname="GeneradorIpTest" time="0.001"/>
  <testcase name="testGenerarIp[852]" classname="GeneradorIpTest" time="0"/>
  <testcase name="testGenerarIp[853]" classname="GeneradorIpTest" time="0.001"/>
  <testcase name="testGenerarIp[854]" classname="GeneradorIpTest" time="0"/>
  <testcase name="testGenerarIp[855]" classname="GeneradorIpTest" time="0"/>
  <testcase name="testGenerarIp[856]" classname="GeneradorIpTest" time="0.001"/>
  <testcase name="testGenerarIp[857]" classname="GeneradorIpTest" time="0"/>
  <testcase name="testGenerarIp[858]" classname="GeneradorIpTest" time="0"/>
  <testcase name="testGenerarIp[859]" classname="GeneradorIpTest" time="0.001"/>
  <testcase name="testGenerarIp[860]" classname="GeneradorIpTest" time="0"/>
  <testcase name="testGenerarIp[861]" classname="GeneradorIpTest" time="0"/>
  <testcase name="testGenerarIp[862]" classname="GeneradorIpTest" time="0"/>
  <testcase name="testGenerarIp[863]" classname="GeneradorIpTest" time="0"/>
  <testcase name="testGenerarIp[864]" classname="GeneradorIpTest" time="0"/>
  <testcase name="testGenerarIp[865]" classname="GeneradorIpTest" time="0"/>
  <testcase name="testGenerarIp[866]" classname="GeneradorIpTest" time="0"/>
  <testcase name="testGenerarIp[867]" classname="GeneradorIpTest" time="0"/>
  <testcase name="testGenerarIp[868]" classname="GeneradorIpTest" time="0"/>
  <testcase name="testGenerarIp[869]" classname="GeneradorIpTest" time="0"/>
  <testcase name="testGenerarIp[870]" classname="GeneradorIpTest" time="0"/>
  <testcase name="testGenerarIp[871]" classname="GeneradorIpTest" time="0"/>
  <testcase name="testGenerarIp[872]" classname="GeneradorIpTest" time="0"/>
  <testcase name="testGenerarIp[873]" classname="GeneradorIpTest" time="0"/>
  <testcase name="testGenerarIp[874]" classname="GeneradorIpTest" time="0"/>
  <testcase name="testGenerarIp[875]" classname="GeneradorIpTest" time="0"/>
  <testcase name="testGenerarIp[876]" classname="GeneradorIpTest" time="0"/>
  <testcase name="testGenerarIp[877]" classname="GeneradorIpTest" time="0"/>
  <testcase name="testGenerarIp[878]" classname="GeneradorIpTest" time="0"/>
  <testcase name="testGenerarIp[879]" classname="GeneradorIpTest" time="0"/>
  <testcase name="testGenerarIp[880]" classname="GeneradorIpTest" time="0.001"/>
  <testcase name="testGenerarIp[881]" classname="GeneradorIpTest" time="0"/>
  <testcase name="testGenerarIp[882]" classname="GeneradorIpTest" time="0"/>
  <testcase name="testGenerarIp[883]" classname="GeneradorIpTest" time="0"/>
  <testcase name="testGenerarIp[884]" classname="GeneradorIpTest" time="0"/>
  <testcase name="testGenerarIp[885]" classname="GeneradorIpTest" time="0"/>
  <testcase name="testGenerarIp[886]" classname="GeneradorIpTest" time="0"/>
  <testcase name="testGenerarIp[887]" classname="GeneradorIpTest" time="0"/>
  <testcase name="testGenerarIp[888]" classname="GeneradorIpTest" time="0"/>
  <testcase name="testGenerarIp[889]" classname="GeneradorIpTest" time="0.001"/>
  <testcase name="testGenerarIp[890]" classname="GeneradorIpTest" time="0"/>
  <testcase name="testGenerarIp[891]" classname="GeneradorIpTest" time="0"/>
  <testcase name="testGenerarIp[892]" classname="GeneradorIpTest" time="0"/>
  <testcase name="testGenerarIp[893]" classname="GeneradorIpTest" time="0"/>
  <testcase name="testGenerarIp[894]" classname="GeneradorIpTest" time="0"/>
  <testcase name="testGenerarIp[895]" classname="GeneradorIpTest" time="0"/>
  <testcase name="testGenerarIp[896]" classname="GeneradorIpTest" time="0.001"/>
  <testcase name="testGenerarIp[897]" classname="GeneradorIpTest" time="0"/>
  <testcase name="testGenerarIp[898]" classname="GeneradorIpTest" time="0"/>
  <testcase name="testGenerarIp[899]" classname="GeneradorIpTest" time="0"/>
  <testcase name="testGenerarIp[900]" classname="GeneradorIpTest" time="0.001"/>
  <testcase name="testGenerarIp[901]" classname="GeneradorIpTest" time="0"/>
  <testcase name="testGenerarIp[902]" classname="GeneradorIpTest" time="0"/>
  <testcase name="testGenerarIp[903]" classname="GeneradorIpTest" time="0"/>
  <testcase name="testGenerarIp[904]" classname="GeneradorIpTest" time="0"/>
  <testcase name="testGenerarIp[905]" classname="GeneradorIpTest" time="0.001"/>
  <testcase name="testGenerarIp[906]" classname="GeneradorIpTest" time="0"/>
  <testcase name="testGenerarIp[907]" classname="GeneradorIpTest" time="0"/>
  <testcase name="testGenerarIp[908]" classname="GeneradorIpTest" time="0"/>
  <testcase name="testGenerarIp[909]" classname="GeneradorIpTest" time="0"/>
  <testcase name="testGenerarIp[910]" classname="GeneradorIpTest" time="0.002"/>
  <testcase name="testGenerarIp[911]" classname="GeneradorIpTest" time="0"/>
  <testcase name="testGenerarIp[912]" classname="GeneradorIpTest" time="0"/>
  <testcase name="testGenerarIp[913]" classname="GeneradorIpTest" time="0"/>
  <testcase name="testGenerarIp[914]" classname="GeneradorIpTest" time="0"/>
  <testcase name="testGenerarIp[915]" classname="GeneradorIpTest" time="0"/>
  <testcase name="testGenerarIp[916]" classname="GeneradorIpTest" time="0"/>
  <testcase name="testGenerarIp[917]" classname="GeneradorIpTest" time="0"/>
  <testcase name="testGenerarIp[918]" classname="GeneradorIpTest" time="0"/>
  <testcase name="testGenerarIp[919]" classname="GeneradorIpTest" time="0"/>
  <testcase name="testGenerarIp[920]" classname="GeneradorIpTest" time="0"/>
  <testcase name="testGenerarIp[921]" classname="GeneradorIpTest" time="0"/>
  <testcase name="testGenerarIp[922]" classname="GeneradorIpTest" time="0"/>
  <testcase name="testGenerarIp[923]" classname="GeneradorIpTest" time="0"/>
  <testcase name="testGenerarIp[924]" classname="GeneradorIpTest" time="0"/>
  <testcase name="testGenerarIp[925]" classname="GeneradorIpTest" time="0.001"/>
  <testcase name="testGenerarIp[926]" classname="GeneradorIpTest" time="0"/>
  <testcase name="testGenerarIp[927]" classname="GeneradorIpTest" time="0"/>
  <testcase name="testGenerarIp[928]" classname="GeneradorIpTest" time="0"/>
  <testcase name="testGenerarIp[929]" classname="GeneradorIpTest" time="0"/>
  <testcase name="testGenerarIp[930]" classname="GeneradorIpTest" time="0"/>
  <testcase name="testGenerarIp[931]" classname="GeneradorIpTest" time="0"/>
  <testcase name="testGenerarIp[932]" classname="GeneradorIpTest" time="0"/>
  <testcase name="testGenerarIp[933]" classname="GeneradorIpTest" time="0"/>
  <testcase name="testGenerarIp[934]" classname="GeneradorIpTest" time="0"/>
  <testcase name="testGenerarIp[935]" classname="GeneradorIpTest" time="0"/>
  <testcase name="testGenerarIp[936]" classname="GeneradorIpTest" time="0"/>
  <testcase name="testGenerarIp[937]" classname="GeneradorIpTest" time="0.002"/>
  <testcase name="testGenerarIp[938]" classname="GeneradorIpTest" time="0"/>
  <testcase name="testGenerarIp[939]" classname="GeneradorIpTest" time="0"/>
  <testcase name="testGenerarIp[940]" classname="GeneradorIpTest" time="0"/>
  <testcase name="testGenerarIp[941]" classname="GeneradorIpTest" time="0"/>
  <testcase name="testGenerarIp[942]" classname="GeneradorIpTest" time="0"/>
  <testcase name="testGenerarIp[943]" classname="GeneradorIpTest" time="0"/>
  <testcase name="testGenerarIp[944]" classname="GeneradorIpTest" time="0"/>
  <testcase name="testGenerarIp[945]" classname="GeneradorIpTest" time="0"/>
  <testcase name="testGenerarIp[946]" classname="GeneradorIpTest" time="0"/>
  <testcase name="testGenerarIp[947]" classname="GeneradorIpTest" time="0"/>
  <testcase name="testGenerarIp[948]" classname="GeneradorIpTest" time="0"/>
  <testcase name="testGenerarIp[949]" classname="GeneradorIpTest" time="0"/>
  <testcase name="testGenerarIp[950]" classname="GeneradorIpTest" time="0"/>
  <testcase name="testGenerarIp[951]" classname="GeneradorIpTest" time="0"/>
  <testcase name="testGenerarIp[952]" classname="GeneradorIpTest" time="0"/>
  <testcase name="testGenerarIp[953]" classname="GeneradorIpTest" time="0"/>
  <testcase name="testGenerarIp[954]" classname="GeneradorIpTest" time="0"/>
  <testcase name="testGenerarIp[955]" classname="GeneradorIpTest" time="0.001"/>
  <testcase name="testGenerarIp[956]" classname="GeneradorIpTest" time="0"/>
  <testcase name="testGenerarIp[957]" classname="GeneradorIpTest" time="0"/>
  <testcase name="testGenerarIp[958]" classname="GeneradorIpTest" time="0"/>
  <testcase name="testGenerarIp[959]" classname="GeneradorIpTest" time="0"/>
  <testcase name="testGenerarIp[960]" classname="GeneradorIpTest" time="0"/>
  <testcase name="testGenerarIp[961]" classname="GeneradorIpTest" time="0"/>
  <testcase name="testGenerarIp[962]" classname="GeneradorIpTest" time="0"/>
  <testcase name="testGenerarIp[963]" classname="GeneradorIpTest" time="0"/>
  <testcase name="testGenerarIp[964]" classname="GeneradorIpTest" time="0.001"/>
  <testcase name="testGenerarIp[965]" classname="GeneradorIpTest" time="0"/>
  <testcase name="testGenerarIp[966]" classname="GeneradorIpTest" time="0"/>
  <testcase name="testGenerarIp[967]" classname="GeneradorIpTest" time="0"/>
  <testcase name="testGenerarIp[968]" classname="GeneradorIpTest" time="0"/>
  <testcase name="testGenerarIp[969]" classname="GeneradorIpTest" time="0.002"/>
  <testcase name="testGenerarIp[970]" classname="GeneradorIpTest" time="0"/>
  <testcase name="testGenerarIp[971]" classname="GeneradorIpTest" time="0"/>
  <testcase name="testGenerarIp[972]" classname="GeneradorIpTest" time="0"/>
  <testcase name="testGenerarIp[973]" classname="GeneradorIpTest" time="0"/>
  <testcase name="testGenerarIp[974]" classname="GeneradorIpTest" time="0"/>
  <testcase name="testGenerarIp[975]" classname="GeneradorIpTest" time="0"/>
  <testcase name="testGenerarIp[976]" classname="GeneradorIpTest" time="0"/>
  <testcase name="testGenerarIp[977]" classname="GeneradorIpTest" time="0"/>
  <testcase name="testGenerarIp[978]" classname="GeneradorIpTest" time="0"/>
  <testcase name="testGenerarIp[979]" classname="GeneradorIpTest" time="0"/>
  <testcase name="testGenerarIp[980]" classname="GeneradorIpTest" time="0"/>
  <testcase name="testGenerarIp[981]" classname="GeneradorIpTest" time="0"/>
  <testcase name="testGenerarIp[982]" classname="GeneradorIpTest" time="0"/>
  <testcase name="testGenerarIp[983]" classname="GeneradorIpTest" time="0"/>
  <testcase name="testGenerarIp[984]" classname="GeneradorIpTest" time="0"/>
  <testcase name="testGenerarIp[985]" classname="GeneradorIpTest" time="0"/>
  <testcase name="testGenerarIp[986]" classname="GeneradorIpTest" time="0"/>
  <testcase name="testGenerarIp[987]" classname="GeneradorIpTest" time="0.001"/>
  <testcase name="testGenerarIp[988]" classname="GeneradorIpTest" time="0"/>
  <testcase name="testGenerarIp[989]" classname="GeneradorIpTest" time="0"/>
  <testcase name="testGenerarIp[990]" classname="GeneradorIpTest" time="0"/>
  <testcase name="testGenerarIp[991]" classname="GeneradorIpTest" time="0"/>
  <testcase name="testGenerarIp[992]" classname="GeneradorIpTest" time="0"/>
  <testcase name="testGenerarIp[993]" classname="GeneradorIpTest" time="0"/>
  <testcase name="testGenerarIp[994]" classname="GeneradorIpTest" time="0"/>
  <testcase name="testGenerarIp[995]" classname="GeneradorIpTest" time="0.002"/>
  <testcase name="testGenerarIp[996]" classname="GeneradorIpTest" time="0"/>
  <testcase name="testGenerarIp[997]" classname="GeneradorIpTest" time="0"/>
  <testcase name="testGenerarIp[998]" classname="GeneradorIpTest" time="0"/>
  <testcase name="testGenerarIp[999]" classname="GeneradorIpTest" time="0"/>
  <testcase name="testGenerarIp[1000]" classname="GeneradorIpTest" time="0"/>
  <testcase name="testGenerarNumero[1]" classname="GeneradorIpTest" time="0.004"/>
  <testcase name="testGenerarNumero[2]" classname="GeneradorIpTest" time="0"/>
  <testcase name="testGenerarNumero[3]" classname="GeneradorIpTest" time="0"/>
  <testcase name="testGenerarNumero[4]" classname="GeneradorIpTest" time="0.001"/>
  <testcase name="testGenerarNumero[5]" classname="GeneradorIpTest" time="0"/>
  <testcase name="testGenerarNumero[6]" classname="GeneradorIpTest" time="0.001"/>
  <testcase name="testGenerarNumero[7]" classname="GeneradorIpTest" time="0"/>
  <testcase name="testGenerarNumero[8]" classname="GeneradorIpTest" time="0.001"/>
  <testcase name="testGenerarNumero[9]" classname="GeneradorIpTest" time="0"/>
  <testcase name="testGenerarNumero[10]" classname="GeneradorIpTest" time="0"/>
  <testcase name="testGenerarNumero[11]" classname="GeneradorIpTest" time="0.001"/>
  <testcase name="testGenerarNumero[12]" classname="GeneradorIpTest" time="0"/>
  <testcase name="testGenerarNumero[13]" classname="GeneradorIpTest" time="0.001"/>
  <testcase name="testGenerarNumero[14]" classname="GeneradorIpTest" time="0"/>
  <testcase name="testGenerarNumero[15]" classname="GeneradorIpTest" time="0"/>
  <testcase name="testGenerarNumero[16]" classname="GeneradorIpTest" time="0.001"/>
  <testcase name="testGenerarNumero[17]" classname="GeneradorIpTest" time="0.002"/>
  <testcase name="testGenerarNumero[18]" classname="GeneradorIpTest" time="0"/>
  <testcase name="testGenerarNumero[19]" classname="GeneradorIpTest" time="0.001"/>
  <testcase name="testGenerarNumero[20]" classname="GeneradorIpTest" time="0"/>
  <testcase name="testGenerarNumero[21]" classname="GeneradorIpTest" time="0"/>
  <testcase name="testGenerarNumero[22]" classname="GeneradorIpTest" time="0"/>
  <testcase name="testGenerarNumero[23]" classname="GeneradorIpTest" time="0"/>
  <testcase name="testGenerarNumero[24]" classname="GeneradorIpTest" time="0.001"/>
  <testcase name="testGenerarNumero[25]" classname="GeneradorIpTest" time="0"/>
  <testcase name="testGenerarNumero[26]" classname="GeneradorIpTest" time="0.001"/>
  <testcase name="testGenerarNumero[27]" classname="GeneradorIpTest" time="0"/>
  <testcase name="testGenerarNumero[28]" classname="GeneradorIpTest" time="0.001"/>
  <testcase name="testGenerarNumero[29]" classname="GeneradorIpTest" time="0"/>
  <testcase name="testGenerarNumero[30]" classname="GeneradorIpTest" time="0"/>
  <testcase name="testGenerarNumero[31]" classname="GeneradorIpTest" time="0"/>
  <testcase name="testGenerarNumero[32]" classname="GeneradorIpTest" time="0"/>
  <testcase name="testGenerarNumero[33]" classname="GeneradorIpTest" time="0"/>
  <testcase name="testGenerarNumero[34]" classname="GeneradorIpTest" time="0.001"/>
  <testcase name="testGenerarNumero[35]" classname="GeneradorIpTest" time="0"/>
  <testcase name="testGenerarNumero[36]" classname="GeneradorIpTest" time="0"/>
  <testcase name="testGenerarNumero[37]" classname="GeneradorIpTest" time="0"/>
  <testcase name="testGenerarNumero[38]" classname="GeneradorIpTest" time="0.002"/>
  <testcase name="testGenerarNumero[39]" classname="GeneradorIpTest" time="0"/>
  <testcase name="testGenerarNumero[40]" classname="GeneradorIpTest" time="0"/>
  <testcase name="testGenerarNumero[41]" classname="GeneradorIpTest" time="0"/>
  <testcase name="testGenerarNumero[42]" classname="GeneradorIpTest" time="0.001"/>
  <testcase name="testGenerarNumero[43]" classname="GeneradorIpTest" time="0"/>
  <testcase name="testGenerarNumero[44]" classname="GeneradorIpTest" time="0"/>
  <testcase name="testGenerarNumero[45]" classname="GeneradorIpTest" time="0"/>
  <testcase name="testGenerarNumero[46]" classname="GeneradorIpTest" time="0"/>
  <testcase name="testGenerarNumero[47]" classname="GeneradorIpTest" time="0"/>
  <testcase name="testGenerarNumero[48]" classname="GeneradorIpTest" time="0.001"/>
  <testcase name="testGenerarNumero[49]" classname="GeneradorIpTest" time="0"/>
  <testcase name="testGenerarNumero[50]" classname="GeneradorIpTest" time="0.001"/>
  <testcase name="testGenerarNumero[51]" classname="GeneradorIpTest" time="0"/>
  <testcase name="testGenerarNumero[52]" classname="GeneradorIpTest" time="0"/>
  <testcase name="testGenerarNumero[53]" classname="GeneradorIpTest" time="0"/>
  <testcase name="testGenerarNumero[54]" classname="GeneradorIpTest" time="0.001"/>
  <testcase name="testGenerarNumero[55]" classname="GeneradorIpTest" time="0"/>
  <testcase name="testGenerarNumero[56]" classname="GeneradorIpTest" time="0.001"/>
  <testcase name="testGenerarNumero[57]" classname="GeneradorIpTest" time="0"/>
  <testcase name="testGenerarNumero[58]" classname="GeneradorIpTest" time="0"/>
  <testcase name="testGenerarNumero[59]" classname="GeneradorIpTest" time="0"/>
  <testcase name="testGenerarNumero[60]" classname="GeneradorIpTest" time="0"/>
  <testcase name="testGenerarNumero[61]" classname="GeneradorIpTest" time="0"/>
  <testcase name="testGenerarNumero[62]" classname="GeneradorIpTest" time="0.001"/>
  <testcase name="testGenerarNumero[63]" classname="GeneradorIpTest" time="0"/>
  <testcase name="testGenerarNumero[64]" classname="GeneradorIpTest" time="0.001"/>
  <testcase name="testGenerarNumero[65]" classname="GeneradorIpTest" time="0.001"/>
  <testcase name="testGenerarNumero[66]" classname="GeneradorIpTest" time="0"/>
  <testcase name="testGenerarNumero[67]" classname="GeneradorIpTest" time="0"/>
  <testcase name="testGenerarNumero[68]" classname="GeneradorIpTest" time="0.001"/>
  <testcase name="testGenerarNumero[69]" classname="GeneradorIpTest" time="0"/>
  <testcase name="testGenerarNumero[70]" classname="GeneradorIpTest" time="0"/>
  <testcase name="testGenerarNumero[71]" classname="GeneradorIpTest" time="0.001"/>
  <testcase name="testGenerarNumero[72]" classname="GeneradorIpTest" time="0"/>
  <testcase name="testGenerarNumero[73]" classname="GeneradorIpTest" time="0"/>
  <testcase name="testGenerarNumero[74]" classname="GeneradorIpTest" time="0.002"/>
  <testcase name="testGenerarNumero[75]" classname="GeneradorIpTest" time="0"/>
  <testcase name="testGenerarNumero[76]" classname="GeneradorIpTest" time="0.001"/>
  <testcase name="testGenerarNumero[77]" classname="GeneradorIpTest" time="0"/>
  <testcase name="testGenerarNumero[78]" classname="GeneradorIpTest" time="0"/>
  <testcase name="testGenerarNumero[79]" classname="GeneradorIpTest" time="0.001"/>
  <testcase name="testGenerarNumero[80]" classname="GeneradorIpTest" time="0"/>
  <testcase name="testGenerarNumero[81]" classname="GeneradorIpTest" time="0.001"/>
  <testcase name="testGenerarNumero[82]" classname="GeneradorIpTest" time="0"/>
  <testcase name="testGenerarNumero[83]" classname="GeneradorIpTest" time="0.001"/>
  <testcase name="testGenerarNumero[84]" classname="GeneradorIpTest" time="0"/>
  <testcase name="testGenerarNumero[85]" classname="GeneradorIpTest" time="0"/>
  <testcase name="testGenerarNumero[86]" classname="GeneradorIpTest" time="0"/>
  <testcase name="testGenerarNumero[87]" classname="GeneradorIpTest" time="0"/>
  <testcase name="testGenerarNumero[88]" classname="GeneradorIpTest" time="0.001"/>
  <testcase name="testGenerarNumero[89]" classname="GeneradorIpTest" time="0"/>
  <testcase name="testGenerarNumero[90]" classname="GeneradorIpTest" time="0.001"/>
  <testcase name="testGenerarNumero[91]" classname="GeneradorIpTest" time="0"/>
  <testcase name="testGenerarNumero[92]" classname="GeneradorIpTest" time="0.001"/>
  <testcase name="testGenerarNumero[93]" classname="GeneradorIpTest" time="0"/>
  <testcase name="testGenerarNumero[94]" classname="GeneradorIpTest" time="0"/>
  <testcase name="testGenerarNumero[95]" classname="GeneradorIpTest" time="0"/>
  <testcase name="testGenerarNumero[96]" classname="GeneradorIpTest" time="0"/>
  <testcase name="testGenerarNumero[97]" classname="GeneradorIpTest" time="0"/>
  <testcase name="testGenerarNumero[98]" classname="GeneradorIpTest" time="0.001"/>
  <testcase name="testGenerarNumero[99]" classname="GeneradorIpTest" time="0"/>
  <testcase name="testGenerarNumero[100]" classname="GeneradorIpTest" time="0.001"/>
  <testcase name="testGenerarNumero[101]" classname="GeneradorIpTest" time="0"/>
  <testcase name="testGenerarNumero[102]" classname="GeneradorIpTest" time="0.001"/>
  <testcase name="testGenerarNumero[103]" classname="GeneradorIpTest" time="0"/>
  <testcase name="testGenerarNumero[104]" classname="GeneradorIpTest" time="0"/>
  <testcase name="testGenerarNumero[105]" classname="GeneradorIpTest" time="0"/>
  <testcase name="testGenerarNumero[106]" classname="GeneradorIpTest" time="0"/>
  <testcase name="testGenerarNumero[107]" classname="GeneradorIpTest" time="0"/>
  <testcase name="testGenerarNumero[108]" classname="GeneradorIpTest" time="0"/>
  <testcase name="testGenerarNumero[109]" classname="GeneradorIpTest" time="0"/>
  <testcase name="testGenerarNumero[110]" classname="GeneradorIpTest" time="0"/>
  <testcase name="testGenerarNumero[111]" classname="GeneradorIpTest" time="0"/>
  <testcase name="testGenerarNumero[112]" classname="GeneradorIpTest" time="0.001"/>
  <testcase name="testGenerarNumero[113]" classname="GeneradorIpTest" time="0"/>
  <testcase name="testGenerarNumero[114]" classname="GeneradorIpTest" time="0"/>
  <testcase name="testGenerarNumero[115]" classname="GeneradorIpTest" time="0.002"/>
  <testcase name="testGenerarNumero[116]" classname="GeneradorIpTest" time="0"/>
  <testcase name="testGenerarNumero[117]" classname="GeneradorIpTest" time="0.001"/>
  <testcase name="testGenerarNumero[118]" classname="GeneradorIpTest" time="0"/>
  <testcase name="testGenerarNumero[119]" classname="GeneradorIpTest" time="0"/>
  <testcase name="testGenerarNumero[120]" classname="GeneradorIpTest" time="0"/>
  <testcase name="testGenerarNumero[121]" classname="GeneradorIpTest" time="0"/>
  <testcase name="testGenerarNumero[122]" classname="GeneradorIpTest" time="0"/>
  <testcase name="testGenerarNumero[123]" classname="GeneradorIpTest" time="0"/>
  <testcase name="testGenerarNumero[124]" classname="GeneradorIpTest" time="0.001"/>
  <testcase name="testGenerarNumero[125]" classname="GeneradorIpTest" time="0"/>
  <testcase name="testGenerarNumero[126]" classname="GeneradorIpTest" time="0.001"/>
  <testcase name="testGenerarNumero[127]" classname="GeneradorIpTest" time="0"/>
  <testcase name="testGenerarNumero[128]" classname="GeneradorIpTest" time="0.001"/>
  <testcase name="testGenerarNumero[129]" classname="GeneradorIpTest" time="0"/>
  <testcase name="testGenerarNumero[130]" classname="GeneradorIpTest" time="0"/>
  <testcase name="testGenerarNumero[131]" classname="GeneradorIpTest" time="0.001"/>
  <testcase name="testGenerarNumero[132]" classname="GeneradorIpTest" time="0"/>
  <testcase name="testGenerarNumero[133]" classname="GeneradorIpTest" time="0"/>
  <testcase name="testGenerarNumero[134]" classname="GeneradorIpTest" time="0"/>
  <testcase name="testGenerarNumero[135]" classname="GeneradorIpTest" time="0.001"/>
  <testcase name="testGenerarNumero[136]" classname="GeneradorIpTest" time="0"/>
  <testcase name="testGenerarNumero[137]" classname="GeneradorIpTest" time="0"/>
  <testcase name="testGenerarNumero[138]" classname="GeneradorIpTest" time="0"/>
  <testcase name="testGenerarNumero[139]" classname="GeneradorIpTest" time="0"/>
  <testcase name="testGenerarNumero[140]" classname="GeneradorIpTest" time="0.001"/>
  <testcase name="testGenerarNumero[141]" classname="GeneradorIpTest" time="0"/>
  <testcase name="testGenerarNumero[142]" classname="GeneradorIpTest" time="0"/>
  <testcase name="testGenerarNumero[143]" classname="GeneradorIpTest" time="0"/>
  <testcase name="testGenerarNumero[144]" classname="GeneradorIpTest" time="0.001"/>
  <testcase name="testGenerarNumero[145]" classname="GeneradorIpTest" time="0"/>
  <testcase name="testGenerarNumero[146]" classname="GeneradorIpTest" time="0"/>
  <testcase name="testGenerarNumero[147]" classname="GeneradorIpTest" time="0"/>
  <testcase name="testGenerarNumero[148]" classname="GeneradorIpTest" time="0"/>
  <testcase name="testGenerarNumero[149]" classname="GeneradorIpTest" time="0"/>
  <testcase name="testGenerarNumero[150]" classname="GeneradorIpTest" time="0.001"/>
  <testcase name="testGenerarNumero[151]" classname="GeneradorIpTest" time="0"/>
  <testcase name="testGenerarNumero[152]" classname="GeneradorIpTest" time="0.001"/>
  <testcase name="testGenerarNumero[153]" classname="GeneradorIpTest" time="0"/>
  <testcase name="testGenerarNumero[154]" classname="GeneradorIpTest" time="0"/>
  <testcase name="testGenerarNumero[155]" classname="GeneradorIpTest" time="0.001"/>
  <testcase name="testGenerarNumero[156]" classname="GeneradorIpTest" time="0"/>
  <testcase name="testGenerarNumero[157]" classname="GeneradorIpTest" time="0.001"/>
  <testcase name="testGenerarNumero[158]" classname="GeneradorIpTest" time="0"/>
  <testcase name="testGenerarNumero[159]" classname="GeneradorIpTest" time="0"/>
  <testcase name="testGenerarNumero[160]" classname="GeneradorIpTest" time="0.001"/>
  <testcase name="testGenerarNumero[161]" classname="GeneradorIpTest" time="0"/>
  <testcase name="testGenerarNumero[162]" classname="GeneradorIpTest" time="0"/>
  <testcase name="testGenerarNumero[163]" classname="GeneradorIpTest" time="0"/>
  <testcase name="testGenerarNumero[164]" classname="GeneradorIpTest" time="0"/>
  <testcase name="testGenerarNumero[165]" classname="GeneradorIpTest" time="0"/>
  <testcase name="testGenerarNumero[166]" classname="GeneradorIpTest" time="0"/>
  <testcase name="testGenerarNumero[167]" classname="GeneradorIpTest" time="0.001"/>
  <testcase name="testGenerarNumero[168]" classname="GeneradorIpTest" time="0"/>
  <testcase name="testGenerarNumero[169]" classname="GeneradorIpTest" time="0"/>
  <testcase name="testGenerarNumero[170]" classname="GeneradorIpTest" time="0"/>
  <testcase name="testGenerarNumero[171]" classname="GeneradorIpTest" time="0"/>
  <testcase name="testGenerarNumero[172]" classname="GeneradorIpTest" time="0.001"/>
  <testcase name="testGenerarNumero[173]" classname="GeneradorIpTest" time="0"/>
  <testcase name="testGenerarNumero[174]" classname="GeneradorIpTest" time="0"/>
  <testcase name="testGenerarNumero[175]" classname="GeneradorIpTest" time="0"/>
  <testcase name="testGenerarNumero[176]" classname="GeneradorIpTest" time="0"/>
  <testcase name="testGenerarNumero[177]" classname="GeneradorIpTest" time="0"/>
  <testcase name="testGenerarNumero[178]" classname="GeneradorIpTest" time="0"/>
  <testcase name="testGenerarNumero[179]" classname="GeneradorIpTest" time="0.001"/>
  <testcase name="testGenerarNumero[180]" classname="GeneradorIpTest" time="0.001"/>
  <testcase name="testGenerarNumero[181]" classname="GeneradorIpTest" time="0"/>
  <testcase name="testGenerarNumero[182]" classname="GeneradorIpTest" time="0"/>
  <testcase name="testGenerarNumero[183]" classname="GeneradorIpTest" time="0"/>
  <testcase name="testGenerarNumero[184]" classname="GeneradorIpTest" time="0"/>
  <testcase name="testGenerarNumero[185]" classname="GeneradorIpTest" time="0"/>
  <testcase name="testGenerarNumero[186]" classname="GeneradorIpTest" time="0"/>
  <testcase name="testGenerarNumero[187]" classname="GeneradorIpTest" time="0"/>
  <testcase name="testGenerarNumero[188]" classname="GeneradorIpTest" time="0"/>
  <testcase name="testGenerarNumero[189]" classname="GeneradorIpTest" time="0"/>
  <testcase name="testGenerarNumero[190]" classname="GeneradorIpTest" time="0"/>
  <testcase name="testGenerarNumero[191]" classname="GeneradorIpTest" time="0.001"/>
  <testcase name="testGenerarNumero[192]" classname="GeneradorIpTest" time="0"/>
  <testcase name="testGenerarNumero[193]" classname="GeneradorIpTest" time="0"/>
  <testcase name="testGenerarNumero[194]" classname="GeneradorIpTest" time="0"/>
  <testcase name="testGenerarNumero[195]" classname="GeneradorIpTest" time="0"/>
  <testcase name="testGenerarNumero[196]" classname="GeneradorIpTest" time="0"/>
  <testcase name="testGenerarNumero[197]" classname="GeneradorIpTest" time="0"/>
  <testcase name="testGenerarNumero[198]" classname="GeneradorIpTest" time="0.001"/>
  <testcase name="testGenerarNumero[199]" classname="GeneradorIpTest" time="0"/>
  <testcase name="testGenerarNumero[200]" classname="GeneradorIpTest" time="0"/>
  <testcase name="testGenerarNumero[201]" classname="GeneradorIpTest" time="0"/>
  <testcase name="testGenerarNumero[202]" classname="GeneradorIpTest" time="0"/>
  <testcase name="testGenerarNumero[203]" classname="GeneradorIpTest" time="0"/>
  <testcase name="testGenerarNumero[204]" classname="GeneradorIpTest" time="0"/>
  <testcase name="testGenerarNumero[205]" classname="GeneradorIpTest" time="0"/>
  <testcase name="testGenerarNumero[206]" classname="GeneradorIpTest" time="0"/>
  <testcase name="testGenerarNumero[207]" classname="GeneradorIpTest" time="0"/>
  <testcase name="testGenerarNumero[208]" classname="GeneradorIpTest" time="0.001"/>
  <testcase name="testGenerarNumero[209]" classname="GeneradorIpTest" time="0"/>
  <testcase name="testGenerarNumero[210]" classname="GeneradorIpTest" time="0"/>
  <testcase name="testGenerarNumero[211]" classname="GeneradorIpTest" time="0"/>
  <testcase name="testGenerarNumero[212]" classname="GeneradorIpTest" time="0.001"/>
  <testcase name="testGenerarNumero[213]" classname="GeneradorIpTest" time="0"/>
  <testcase name="testGenerarNumero[214]" classname="GeneradorIpTest" time="0"/>
  <testcase name="testGenerarNumero[215]" classname="GeneradorIpTest" time="0"/>
  <testcase name="testGenerarNumero[216]" classname="GeneradorIpTest" time="0.002"/>
  <testcase name="testGenerarNumero[217]" classname="GeneradorIpTest" time="0"/>
  <testcase name="testGenerarNumero[218]" classname="GeneradorIpTest" time="0"/>
  <testcase name="testGenerarNumero[219]" classname="GeneradorIpTest" time="0"/>
  <testcase name="testGenerarNumero[220]" classname="GeneradorIpTest" time="0"/>
  <testcase name="testGenerarNumero[221]" classname="GeneradorIpTest" time="0.001"/>
  <testcase name="testGenerarNumero[222]" classname="GeneradorIpTest" time="0"/>
  <testcase name="testGenerarNumero[223]" classname="GeneradorIpTest" time="0.001"/>
  <testcase name="testGenerarNumero[224]" classname="GeneradorIpTest" time="0"/>
  <testcase name="testGenerarNumero[225]" classname="GeneradorIpTest" time="0"/>
  <testcase name="testGenerarNumero[226]" classname="GeneradorIpTest" time="0"/>
  <testcase name="testGenerarNumero[227]" classname="GeneradorIpTest" time="0"/>
  <testcase name="testGenerarNumero[228]" classname="GeneradorIpTest" time="0"/>
  <testcase name="testGenerarNumero[229]" classname="GeneradorIpTest" time="0"/>
  <testcase name="testGenerarNumero[230]" classname="GeneradorIpTest" time="0.001"/>
  <testcase name="testGenerarNumero[231]" classname="GeneradorIpTest" time="0"/>
  <testcase name="testGenerarNumero[232]" classname="GeneradorIpTest" time="0"/>
  <testcase name="testGenerarNumero[233]" classname="GeneradorIpTest" time="0"/>
  <testcase name="testGenerarNumero[234]" classname="GeneradorIpTest" time="0.001"/>
  <testcase name="testGenerarNumero[235]" classname="GeneradorIpTest" time="0"/>
  <testcase name="testGenerarNumero[236]" classname="GeneradorIpTest" time="0"/>
  <testcase name="testGenerarNumero[237]" classname="GeneradorIpTest" time="0"/>
  <testcase name="testGenerarNumero[238]" classname="GeneradorIpTest" time="0"/>
  <testcase name="testGenerarNumero[239]" classname="GeneradorIpTest" time="0"/>
  <testcase name="testGenerarNumero[240]" classname="GeneradorIpTest" time="0"/>
  <testcase name="testGenerarNumero[241]" classname="GeneradorIpTest" time="0"/>
  <testcase name="testGenerarNumero[242]" classname="GeneradorIpTest" time="0"/>
  <testcase name="testGenerarNumero[243]" classname="GeneradorIpTest" time="0"/>
  <testcase name="testGenerarNumero[244]" classname="GeneradorIpTest" time="0"/>
  <testcase name="testGenerarNumero[245]" classname="GeneradorIpTest" time="0.001"/>
  <testcase name="testGenerarNumero[246]" classname="GeneradorIpTest" time="0"/>
  <testcase name="testGenerarNumero[247]" classname="GeneradorIpTest" time="0"/>
  <testcase name="testGenerarNumero[248]" classname="GeneradorIpTest" time="0.001"/>
  <testcase name="testGenerarNumero[249]" classname="GeneradorIpTest" time="0"/>
  <testcase name="testGenerarNumero[250]" classname="GeneradorIpTest" time="0"/>
  <testcase name="testGenerarNumero[251]" classname="GeneradorIpTest" time="0"/>
  <testcase name="testGenerarNumero[252]" classname="GeneradorIpTest" time="0"/>
  <testcase name="testGenerarNumero[253]" classname="GeneradorIpTest" time="0.001"/>
  <testcase name="testGenerarNumero[254]" classname="GeneradorIpTest" time="0"/>
  <testcase name="testGenerarNumero[255]" classname="GeneradorIpTest" time="0"/>
  <testcase name="testGenerarNumero[256]" classname="GeneradorIpTest" time="0"/>
  <testcase name="testGenerarNumero[257]" classname="GeneradorIpTest" time="0"/>
  <testcase name="testGenerarNumero[258]" classname="GeneradorIpTest" time="0"/>
  <testcase name="testGenerarNumero[259]" classname="GeneradorIpTest" time="0"/>
  <testcase name="testGenerarNumero[260]" classname="GeneradorIpTest" time="0"/>
  <testcase name="testGenerarNumero[261]" classname="GeneradorIpTest" time="0"/>
  <testcase name="testGenerarNumero[262]" classname="GeneradorIpTest" time="0"/>
  <testcase name="testGenerarNumero[263]" classname="GeneradorIpTest" time="0"/>
  <testcase name="testGenerarNumero[264]" classname="GeneradorIpTest" time="0.001"/>
  <testcase name="testGenerarNumero[265]" classname="GeneradorIpTest" time="0"/>
  <testcase name="testGenerarNumero[266]" classname="GeneradorIpTest" time="0"/>
  <testcase name="testGenerarNumero[267]" classname="GeneradorIpTest" time="0"/>
  <testcase name="testGenerarNumero[268]" classname="GeneradorIpTest" time="0.001"/>
  <testcase name="testGenerarNumero[269]" classname="GeneradorIpTest" time="0"/>
  <testcase name="testGenerarNumero[270]" classname="GeneradorIpTest" time="0.001"/>
  <testcase name="testGenerarNumero[271]" classname="GeneradorIpTest" time="0.001"/>
  <testcase name="testGenerarNumero[272]" classname="GeneradorIpTest" time="0"/>
  <testcase name="testGenerarNumero[273]" classname="GeneradorIpTest" time="0"/>
  <testcase name="testGenerarNumero[274]" classname="GeneradorIpTest" time="0"/>
  <testcase name="testGenerarNumero[275]" classname="GeneradorIpTest" time="0"/>
  <testcase name="testGenerarNumero[276]" classname="GeneradorIpTest" time="0"/>
  <testcase name="testGenerarNumero[277]" classname="GeneradorIpTest" time="0"/>
  <testcase name="testGenerarNumero[278]" classname="GeneradorIpTest" time="0"/>
  <testcase name="testGenerarNumero[279]" classname="GeneradorIpTest" time="0"/>
  <testcase name="testGenerarNumero[280]" classname="GeneradorIpTest" time="0"/>
  <testcase name="testGenerarNumero[281]" classname="GeneradorIpTest" time="0"/>
  <testcase name="testGenerarNumero[282]" classname="GeneradorIpTest" time="0"/>
  <testcase name="testGenerarNumero[283]" classname="GeneradorIpTest" time="0"/>
  <testcase name="testGenerarNumero[284]" classname="GeneradorIpTest" time="0"/>
  <testcase name="testGenerarNumero[285]" classname="GeneradorIpTest" time="0"/>
  <testcase name="testGenerarNumero[286]" classname="GeneradorIpTest" time="0"/>
  <testcase name="testGenerarNumero[287]" classname="GeneradorIpTest" time="0"/>
  <testcase name="testGenerarNumero[288]" classname="GeneradorIpTest" time="0"/>
  <testcase name="testGenerarNumero[289]" classname="GeneradorIpTest" time="0"/>
  <testcase name="testGenerarNumero[290]" classname="GeneradorIpTest" time="0"/>
  <testcase name="testGenerarNumero[291]" classname="GeneradorIpTest" time="0"/>
  <testcase name="testGenerarNumero[292]" classname="GeneradorIpTest" time="0"/>
  <testcase name="testGenerarNumero[293]" classname="GeneradorIpTest" time="0"/>
  <testcase name="testGenerarNumero[294]" classname="GeneradorIpTest" time="0"/>
  <testcase name="testGenerarNumero[295]" classname="GeneradorIpTest" time="0"/>
  <testcase name="testGenerarNumero[296]" classname="GeneradorIpTest" time="0.001"/>
  <testcase name="testGenerarNumero[297]" classname="GeneradorIpTest" time="0"/>
  <testcase name="testGenerarNumero[298]" classname="GeneradorIpTest" time="0"/>
  <testcase name="testGenerarNumero[299]" classname="GeneradorIpTest" time="0"/>
  <testcase name="testGenerarNumero[300]" classname="GeneradorIpTest" time="0"/>
  <testcase name="testGenerarNumero[301]" classname="GeneradorIpTest" time="0"/>
  <testcase name="testGenerarNumero[302]" classname="GeneradorIpTest" time="0"/>
  <testcase name="testGenerarNumero[303]" classname="GeneradorIpTest" time="0"/>
  <testcase name="testGenerarNumero[304]" classname="GeneradorIpTest" time="0"/>
  <testcase name="testGenerarNumero[305]" classname="GeneradorIpTest" time="0"/>
  <testcase name="testGenerarNumero[306]" classname="GeneradorIpTest" time="0"/>
  <testcase name="testGenerarNumero[307]" classname="GeneradorIpTest" time="0"/>
  <testcase name="testGenerarNumero[308]" classname="GeneradorIpTest" time="0"/>
  <testcase name="testGenerarNumero[309]" classname="GeneradorIpTest" time="0"/>
  <testcase name="testGenerarNumero[310]" classname="GeneradorIpTest" time="0"/>
  <testcase name="testGenerarNumero[311]" classname="GeneradorIpTest" time="0"/>
  <testcase name="testGenerarNumero[312]" classname="GeneradorIpTest" time="0"/>
  <testcase name="testGenerarNumero[313]" classname="GeneradorIpTest" time="0"/>
  <testcase name="testGenerarNumero[314]" classname="GeneradorIpTest" time="0"/>
  <testcase name="testGenerarNumero[315]" classname="GeneradorIpTest" time="0.001"/>
  <testcase name="testGenerarNumero[316]" classname="GeneradorIpTest" time="0"/>
  <testcase name="testGenerarNumero[317]" classname="GeneradorIpTest" time="0"/>
  <testcase name="testGenerarNumero[318]" classname="GeneradorIpTest" time="0.001"/>
  <testcase name="testGenerarNumero[319]" classname="GeneradorIpTest" time="0"/>
  <testcase name="testGenerarNumero[320]" classname="GeneradorIpTest" time="0"/>
  <testcase name="testGenerarNumero[321]" classname="GeneradorIpTest" time="0"/>
  <testcase name="testGenerarNumero[322]" classname="GeneradorIpTest" time="0"/>
  <testcase name="testGenerarNumero[323]" classname="GeneradorIpTest" time="0.001"/>
  <testcase name="testGenerarNumero[324]" classname="GeneradorIpTest" time="0"/>
  <testcase name="testGenerarNumero[325]" classname="GeneradorIpTest" time="0"/>
  <testcase name="testGenerarNumero[326]" classname="GeneradorIpTest" time="0"/>
  <testcase name="testGenerarNumero[327]" classname="GeneradorIpTest" time="0"/>
  <testcase name="testGenerarNumero[328]" classname="GeneradorIpTest" time="0"/>
  <testcase name="testGenerarNumero[329]" classname="GeneradorIpTest" time="0.001"/>
  <testcase name="testGenerarNumero[330]" classname="GeneradorIpTest" time="0"/>
  <testcase name="testGenerarNumero[331]" classname="GeneradorIpTest" time="0"/>
  <testcase name="testGenerarNumero[332]" classname="GeneradorIpTest" time="0"/>
  <testcase name="testGenerarNumero[333]" classname="GeneradorIpTest" time="0"/>
  <testcase name="testGenerarNumero[334]" classname="GeneradorIpTest" time="0"/>
  <testcase name="testGenerarNumero[335]" classname="GeneradorIpTest" time="0"/>
  <testcase name="testGenerarNumero[336]" classname="GeneradorIpTest" time="0"/>
  <testcase name="testGenerarNumero[337]" classname="GeneradorIpTest" time="0"/>
  <testcase name="testGenerarNumero[338]" classname="GeneradorIpTest" time="0"/>
  <testcase name="testGenerarNumero[339]" classname="GeneradorIpTest" time="0"/>
  <testcase name="testGenerarNumero[340]" classname="GeneradorIpTest" time="0"/>
  <testcase name="testGenerarNumero[341]" classname="GeneradorIpTest" time="0"/>
  <testcase name="testGenerarNumero[342]" classname="GeneradorIpTest" time="0"/>
  <testcase name="testGenerarNumero[343]" classname="GeneradorIpTest" time="0"/>
  <testcase name="testGenerarNumero[344]" classname="GeneradorIpTest" time="0"/>
  <testcase name="testGenerarNumero[345]" classname="GeneradorIpTest" time="0.001"/>
  <testcase name="testGenerarNumero[346]" classname="GeneradorIpTest" time="0"/>
  <testcase name="testGenerarNumero[347]" classname="GeneradorIpTest" time="0.001"/>
  <testcase name="testGenerarNumero[348]" classname="GeneradorIpTest" time="0"/>
  <testcase name="testGenerarNumero[349]" classname="GeneradorIpTest" time="0.001"/>
  <testcase name="testGenerarNumero[350]" classname="GeneradorIpTest" time="0"/>
  <testcase name="testGenerarNumero[351]" classname="GeneradorIpTest" time="0"/>
  <testcase name="testGenerarNumero[352]" classname="GeneradorIpTest" time="0"/>
  <testcase name="testGenerarNumero[353]" classname="GeneradorIpTest" time="0"/>
  <testcase name="testGenerarNumero[354]" classname="GeneradorIpTest" time="0"/>
  <testcase name="testGenerarNumero[355]" classname="GeneradorIpTest" time="0"/>
  <testcase name="testGenerarNumero[356]" classname="GeneradorIpTest" time="0"/>
  <testcase name="testGenerarNumero[357]" classname="GeneradorIpTest" time="0"/>
  <testcase name="testGenerarNumero[358]" classname="GeneradorIpTest" time="0"/>
  <testcase name="testGenerarNumero[359]" classname="GeneradorIpTest" time="0"/>
  <testcase name="testGenerarNumero[360]" classname="GeneradorIpTest" time="0"/>
  <testcase name="testGenerarNumero[361]" classname="GeneradorIpTest" time="0"/>
  <testcase name="testGenerarNumero[362]" classname="GeneradorIpTest" time="0.001"/>
  <testcase name="testGenerarNumero[363]" classname="GeneradorIpTest" time="0"/>
  <testcase name="testGenerarNumero[364]" classname="GeneradorIpTest" time="0"/>
  <testcase name="testGenerarNumero[365]" classname="GeneradorIpTest" time="0"/>
  <testcase name="testGenerarNumero[366]" classname="GeneradorIpTest" time="0"/>
  <testcase name="testGenerarNumero[367]" classname="GeneradorIpTest" time="0"/>
  <testcase name="testGenerarNumero[368]" classname="GeneradorIpTest" time="0"/>
  <testcase name="testGenerarNumero[369]" classname="GeneradorIpTest" time="0.001"/>
  <testcase name="testGenerarNumero[370]" classname="GeneradorIpTest" time="0"/>
  <testcase name="testGenerarNumero[371]" classname="GeneradorIpTest" time="0"/>
  <testcase name="testGenerarNumero[372]" classname="GeneradorIpTest" time="0"/>
  <testcase name="testGenerarNumero[373]" classname="GeneradorIpTest" time="0.002"/>
  <testcase name="testGenerarNumero[374]" classname="GeneradorIpTest" time="0"/>
  <testcase name="testGenerarNumero[375]" classname="GeneradorIpTest" time="0"/>
  <testcase name="testGenerarNumero[376]" classname="GeneradorIpTest" time="0"/>
  <testcase name="testGenerarNumero[377]" classname="GeneradorIpTest" time="0"/>
  <testcase name="testGenerarNumero[378]" classname="GeneradorIpTest" time="0.001"/>
  <testcase name="testGenerarNumero[379]" classname="GeneradorIpTest" time="0"/>
  <testcase name="testGenerarNumero[380]" classname="GeneradorIpTest" time="0"/>
  <testcase name="testGenerarNumero[381]" classname="GeneradorIpTest" time="0.001"/>
  <testcase name="testGenerarNumero[382]" classname="GeneradorIpTest" time="0"/>
  <testcase name="testGenerarNumero[383]" classname="GeneradorIpTest" time="0"/>
  <testcase name="testGenerarNumero[384]" classname="GeneradorIpTest" time="0"/>
  <testcase name="testGenerarNumero[385]" classname="GeneradorIpTest" time="0.001"/>
  <testcase name="testGenerarNumero[386]" classname="GeneradorIpTest" time="0"/>
  <testcase name="testGenerarNumero[387]" classname="GeneradorIpTest" time="0"/>
  <testcase name="testGenerarNumero[388]" classname="GeneradorIpTest" time="0"/>
  <testcase name="testGenerarNumero[389]" classname="GeneradorIpTest" time="0"/>
  <testcase name="testGenerarNumero[390]" classname="GeneradorIpTest" time="0"/>
  <testcase name="testGenerarNumero[391]" classname="GeneradorIpTest" time="0"/>
  <testcase name="testGenerarNumero[392]" classname="GeneradorIpTest" time="0"/>
  <testcase name="testGenerarNumero[393]" classname="GeneradorIpTest" time="0"/>
  <testcase name="testGenerarNumero[394]" classname="GeneradorIpTest" time="0"/>
  <testcase name="testGenerarNumero[395]" classname="GeneradorIpTest" time="0"/>
  <testcase name="testGenerarNumero[396]" classname="GeneradorIpTest" time="0"/>
  <testcase name="testGenerarNumero[397]" classname="GeneradorIpTest" time="0"/>
  <testcase name="testGenerarNumero[398]" classname="GeneradorIpTest" time="0"/>
  <testcase name="testGenerarNumero[399]" classname="GeneradorIpTest" time="0"/>
  <testcase name="testGenerarNumero[400]" classname="GeneradorIpTest" time="0"/>
  <testcase name="testGenerarNumero[401]" classname="GeneradorIpTest" time="0"/>
  <testcase name="testGenerarNumero[402]" classname="GeneradorIpTest" time="0"/>
  <testcase name="testGenerarNumero[403]" classname="GeneradorIpTest" time="0"/>
  <testcase name="testGenerarNumero[404]" classname="GeneradorIpTest" time="0"/>
  <testcase name="testGenerarNumero[405]" classname="GeneradorIpTest" time="0"/>
  <testcase name="testGenerarNumero[406]" classname="GeneradorIpTest" time="0"/>
  <testcase name="testGenerarNumero[407]" classname="GeneradorIpTest" time="0"/>
  <testcase name="testGenerarNumero[408]" classname="GeneradorIpTest" time="0"/>
  <testcase name="testGenerarNumero[409]" classname="GeneradorIpTest" time="0"/>
  <testcase name="testGenerarNumero[410]" classname="GeneradorIpTest" time="0"/>
  <testcase name="testGenerarNumero[411]" classname="GeneradorIpTest" time="0"/>
  <testcase name="testGenerarNumero[412]" classname="GeneradorIpTest" time="0"/>
  <testcase name="testGenerarNumero[413]" classname="GeneradorIpTest" time="0"/>
  <testcase name="testGenerarNumero[414]" classname="GeneradorIpTest" time="0"/>
  <testcase name="testGenerarNumero[415]" classname="GeneradorIpTest" time="0"/>
  <testcase name="testGenerarNumero[416]" classname="GeneradorIpTest" time="0"/>
  <testcase name="testGenerarNumero[417]" classname="GeneradorIpTest" time="0"/>
  <testcase name="testGenerarNumero[418]" classname="GeneradorIpTest" time="0.001"/>
  <testcase name="testGenerarNumero[419]" classname="GeneradorIpTest" time="0"/>
  <testcase name="testGenerarNumero[420]" classname="GeneradorIpTest" time="0"/>
  <testcase name="testGenerarNumero[421]" classname="GeneradorIpTest" time="0.001"/>
  <testcase name="testGenerarNumero[422]" classname="GeneradorIpTest" time="0"/>
  <testcase name="testGenerarNumero[423]" classname="GeneradorIpTest" time="0"/>
  <testcase name="testGenerarNumero[424]" classname="GeneradorIpTest" time="0"/>
  <testcase name="testGenerarNumero[425]" classname="GeneradorIpTest" time="0"/>
  <testcase name="testGenerarNumero[426]" classname="GeneradorIpTest" time="0"/>
  <testcase name="testGenerarNumero[427]" classname="GeneradorIpTest" time="0"/>
  <testcase name="testGenerarNumero[428]" classname="GeneradorIpTest" time="0"/>
  <testcase name="testGenerarNumero[429]" classname="GeneradorIpTest" time="0"/>
  <testcase name="testGenerarNumero[430]" classname="GeneradorIpTest" time="0"/>
  <testcase name="testGenerarNumero[431]" classname="GeneradorIpTest" time="0.001"/>
  <testcase name="testGenerarNumero[432]" classname="GeneradorIpTest" time="0"/>
  <testcase name="testGenerarNumero[433]" classname="GeneradorIpTest" time="0"/>
  <testcase name="testGenerarNumero[434]" classname="GeneradorIpTest" time="0"/>
  <testcase name="testGenerarNumero[435]" classname="GeneradorIpTest" time="0"/>
  <testcase name="testGenerarNumero[436]" classname="GeneradorIpTest" time="0"/>
  <testcase name="testGenerarNumero[437]" classname="GeneradorIpTest" time="0"/>
  <testcase name="testGenerarNumero[438]" classname="GeneradorIpTest" time="0"/>
  <testcase name="testGenerarNumero[439]" classname="GeneradorIpTest" time="0"/>
  <testcase name="testGenerarNumero[440]" classname="GeneradorIpTest" time="0"/>
  <testcase name="testGenerarNumero[441]" classname="GeneradorIpTest" time="0.001"/>
  <testcase name="testGenerarNumero[442]" classname="GeneradorIpTest" time="0"/>
  <testcase name="testGenerarNumero[443]" classname="GeneradorIpTest" time="0"/>
  <testcase name="testGenerarNumero[444]" classname="GeneradorIpTest" time="0.001"/>
  <testcase name="testGenerarNumero[445]" classname="GeneradorIpTest" time="0"/>
  <testcase name="testGenerarNumero[446]" classname="GeneradorIpTest" time="0"/>
  <testcase name="testGenerarNumero[447]" classname="GeneradorIpTest" time="0"/>
  <testcase name="testGenerarNumero[448]" classname="GeneradorIpTest" time="0.001"/>
  <testcase name="testGenerarNumero[449]" classname="GeneradorIpTest" time="0"/>
  <testcase name="testGenerarNumero[450]" classname="GeneradorIpTest" time="0"/>
  <testcase name="testGenerarNumero[451]" classname="GeneradorIpTest" time="0"/>
  <testcase name="testGenerarNumero[452]" classname="GeneradorIpTest" time="0"/>
  <testcase name="testGenerarNumero[453]" classname="GeneradorIpTest" time="0"/>
  <testcase name="testGenerarNumero[454]" classname="GeneradorIpTest" time="0"/>
  <testcase name="testGenerarNumero[455]" classname="GeneradorIpTest" time="0"/>
  <testcase name="testGenerarNumero[456]" classname="GeneradorIpTest" time="0"/>
  <testcase name="testGenerarNumero[457]" classname="GeneradorIpTest" time="0.001"/>
  <testcase name="testGenerarNumero[458]" classname="GeneradorIpTest" time="0"/>
  <testcase name="testGenerarNumero[459]" classname="GeneradorIpTest" time="0"/>
  <testcase name="testGenerarNumero[460]" classname="GeneradorIpTest" time="0"/>
  <testcase name="testGenerarNumero[461]" classname="GeneradorIpTest" time="0"/>
  <testcase name="testGenerarNumero[462]" classname="GeneradorIpTest" time="0.001"/>
  <testcase name="testGenerarNumero[463]" classname="GeneradorIpTest" time="0"/>
  <testcase name="testGenerarNumero[464]" classname="GeneradorIpTest" time="0.001"/>
  <testcase name="testGenerarNumero[465]" classname="GeneradorIpTest" time="0"/>
  <testcase name="testGenerarNumero[466]" classname="GeneradorIpTest" time="0"/>
  <testcase name="testGenerarNumero[467]" classname="GeneradorIpTest" time="0"/>
  <testcase name="testGenerarNumero[468]" classname="GeneradorIpTest" time="0"/>
  <testcase name="testGenerarNumero[469]" classname="GeneradorIpTest" time="0"/>
  <testcase name="testGenerarNumero[470]" classname="GeneradorIpTest" time="0"/>
  <testcase name="testGenerarNumero[471]" classname="GeneradorIpTest" time="0"/>
  <testcase name="testGenerarNumero[472]" classname="GeneradorIpTest" time="0.001"/>
  <testcase name="testGenerarNumero[473]" classname="GeneradorIpTest" time="0"/>
  <testcase name="testGenerarNumero[474]" classname="GeneradorIpTest" time="0"/>
  <testcase name="testGenerarNumero[475]" classname="GeneradorIpTest" time="0"/>
  <testcase name="testGenerarNumero[476]" classname="GeneradorIpTest" time="0"/>
  <testcase name="testGenerarNumero[477]" classname="GeneradorIpTest" time="0"/>
  <testcase name="testGenerarNumero[478]" classname="GeneradorIpTest" time="0"/>
  <testcase name="testGenerarNumero[479]" classname="GeneradorIpTest" time="0"/>
  <testcase name="testGenerarNumero[480]" classname="GeneradorIpTest" time="0.001"/>
  <testcase name="testGenerarNumero[481]" classname="GeneradorIpTest" time="0"/>
  <testcase name="testGenerarNumero[482]" classname="GeneradorIpTest" time="0.002"/>
  <testcase name="testGenerarNumero[483]" classname="GeneradorIpTest" time="0"/>
  <testcase name="testGenerarNumero[484]" classname="GeneradorIpTest" time="0.001"/>
  <testcase name="testGenerarNumero[485]" classname="GeneradorIpTest" time="0"/>
  <testcase name="testGenerarNumero[486]" classname="GeneradorIpTest" time="0"/>
  <testcase name="testGenerarNumero[487]" classname="GeneradorIpTest" time="0"/>
  <testcase name="testGenerarNumero[488]" classname="GeneradorIpTest" time="0"/>
  <testcase name="testGenerarNumero[489]" classname="GeneradorIpTest" time="0"/>
  <testcase name="testGenerarNumero[490]" classname="GeneradorIpTest" time="0"/>
  <testcase name="testGenerarNumero[491]" classname="GeneradorIpTest" time="0"/>
  <testcase name="testGenerarNumero[492]" classname="GeneradorIpTest" time="0.001"/>
  <testcase name="testGenerarNumero[493]" classname="GeneradorIpTest" time="0"/>
  <testcase name="testGenerarNumero[494]" classname="GeneradorIpTest" time="0"/>
  <testcase name="testGenerarNumero[495]" classname="GeneradorIpTest" time="0"/>
  <testcase name="testGenerarNumero[496]" classname="GeneradorIpTest" time="0"/>
  <testcase name="testGenerarNumero[497]" classname="GeneradorIpTest" time="0"/>
  <testcase name="testGenerarNumero[498]" classname="GeneradorIpTest" time="0"/>
  <testcase name="testGenerarNumero[499]" classname="GeneradorIpTest" time="0"/>
  <testcase name="testGenerarNumero[500]" classname="GeneradorIpTest" time="0"/>
  <testcase name="testGenerarNumero[501]" classname="GeneradorIpTest" time="0"/>
  <testcase name="testGenerarNumero[502]" classname="GeneradorIpTest" time="0"/>
  <testcase name="testGenerarNumero[503]" classname="GeneradorIpTest" time="0"/>
  <testcase name="testGenerarNumero[504]" classname="GeneradorIpTest" time="0"/>
  <testcase name="testGenerarNumero[505]" classname="GeneradorIpTest" time="0"/>
  <testcase name="testGenerarNumero[506]" classname="GeneradorIpTest" time="0.001"/>
  <testcase name="testGenerarNumero[507]" classname="GeneradorIpTest" time="0"/>
  <testcase name="testGenerarNumero[508]" classname="GeneradorIpTest" time="0.001"/>
  <testcase name="testGenerarNumero[509]" classname="GeneradorIpTest" time="0"/>
  <testcase name="testGenerarNumero[510]" classname="GeneradorIpTest" time="0"/>
  <testcase name="testGenerarNumero[511]" classname="GeneradorIpTest" time="0"/>
  <testcase name="testGenerarNumero[512]" classname="GeneradorIpTest" time="0"/>
  <testcase name="testGenerarNumero[513]" classname="GeneradorIpTest" time="0"/>
  <testcase name="testGenerarNumero[514]" classname="GeneradorIpTest" time="0"/>
  <testcase name="testGenerarNumero[515]" classname="GeneradorIpTest" time="0.001"/>
  <testcase name="testGenerarNumero[516]" classname="GeneradorIpTest" time="0"/>
  <testcase name="testGenerarNumero[517]" classname="GeneradorIpTest" time="0"/>
  <testcase name="testGenerarNumero[518]" classname="GeneradorIpTest" time="0"/>
  <testcase name="testGenerarNumero[519]" classname="GeneradorIpTest" time="0"/>
  <testcase name="testGenerarNumero[520]" classname="GeneradorIpTest" time="0.001"/>
  <testcase name="testGenerarNumero[521]" classname="GeneradorIpTest" time="0"/>
  <testcase name="testGenerarNumero[522]" classname="GeneradorIpTest" time="0"/>
  <testcase name="testGenerarNumero[523]" classname="GeneradorIpTest" time="0"/>
  <testcase name="testGenerarNumero[524]" classname="GeneradorIpTest" time="0"/>
  <testcase name="testGenerarNumero[525]" classname="GeneradorIpTest" time="0"/>
  <testcase name="testGenerarNumero[526]" classname="GeneradorIpTest" time="0"/>
  <testcase name="testGenerarNumero[527]" classname="GeneradorIpTest" time="0"/>
  <testcase name="testGenerarNumero[528]" classname="GeneradorIpTest" time="0"/>
  <testcase name="testGenerarNumero[529]" classname="GeneradorIpTest" time="0"/>
  <testcase name="testGenerarNumero[530]" classname="GeneradorIpTest" time="0"/>
  <testcase name="testGenerarNumero[531]" classname="GeneradorIpTest" time="0"/>
  <testcase name="testGenerarNumero[532]" classname="GeneradorIpTest" time="0"/>
  <testcase name="testGenerarNumero[533]" classname="GeneradorIpTest" time="0"/>
  <testcase name="testGenerarNumero[534]" classname="GeneradorIpTest" time="0.001"/>
  <testcase name="testGenerarNumero[535]" classname="GeneradorIpTest" time="0"/>
  <testcase name="testGenerarNumero[536]" classname="GeneradorIpTest" time="0"/>
  <testcase name="testGenerarNumero[537]" classname="GeneradorIpTest" time="0"/>
  <testcase name="testGenerarNumero[538]" classname="GeneradorIpTest" time="0.001"/>
  <testcase name="testGenerarNumero[539]" classname="GeneradorIpTest" time="0"/>
  <testcase name="testGenerarNumero[540]" classname="GeneradorIpTest" time="0.001"/>
  <testcase name="testGenerarNumero[541]" classname="GeneradorIpTest" time="0"/>
  <testcase name="testGenerarNumero[542]" classname="GeneradorIpTest" time="0"/>
  <testcase name="testGenerarNumero[543]" classname="GeneradorIpTest" time="0"/>
  <testcase name="testGenerarNumero[544]" classname="GeneradorIpTest" time="0.001"/>
  <testcase name="testGenerarNumero[545]" classname="GeneradorIpTest" time="0.001"/>
  <testcase name="testGenerarNumero[546]" classname="GeneradorIpTest" time="0"/>
  <testcase name="testGenerarNumero[547]" classname="GeneradorIpTest" time="0"/>
  <testcase name="testGenerarNumero[548]" classname="GeneradorIpTest" time="0"/>
  <testcase name="testGenerarNumero[549]" classname="GeneradorIpTest" time="0"/>
  <testcase name="testGenerarNumero[550]" classname="GeneradorIpTest" time="0"/>
  <testcase name="testGenerarNumero[551]" classname="GeneradorIpTest" time="0"/>
  <testcase name="testGenerarNumero[552]" classname="GeneradorIpTest" time="0"/>
  <testcase name="testGenerarNumero[553]" classname="GeneradorIpTest" time="0"/>
  <testcase name="testGenerarNumero[554]" classname="GeneradorIpTest" time="0.001"/>
  <testcase name="testGenerarNumero[555]" classname="GeneradorIpTest" time="0"/>
  <testcase name="testGenerarNumero[556]" classname="GeneradorIpTest" time="0"/>
  <testcase name="testGenerarNumero[557]" classname="GeneradorIpTest" time="0"/>
  <testcase name="testGenerarNumero[558]" classname="GeneradorIpTest" time="0"/>
  <testcase name="testGenerarNumero[559]" classname="GeneradorIpTest" time="0"/>
  <testcase name="testGenerarNumero[560]" classname="GeneradorIpTest" time="0"/>
  <testcase name="testGenerarNumero[561]" classname="GeneradorIpTest" time="0"/>
  <testcase name="testGenerarNumero[562]" classname="GeneradorIpTest" time="0"/>
  <testcase name="testGenerarNumero[563]" classname="GeneradorIpTest" time="0"/>
  <testcase name="testGenerarNumero[564]" classname="GeneradorIpTest" time="0.001"/>
  <testcase name="testGenerarNumero[565]" classname="GeneradorIpTest" time="0"/>
  <testcase name="testGenerarNumero[566]" classname="GeneradorIpTest" time="0"/>
  <testcase name="testGenerarNumero[567]" classname="GeneradorIpTest" time="0"/>
  <testcase name="testGenerarNumero[568]" classname="GeneradorIpTest" time="0"/>
  <testcase name="testGenerarNumero[569]" classname="GeneradorIpTest" time="0"/>
  <testcase name="testGenerarNumero[570]" classname="GeneradorIpTest" time="0"/>
  <testcase name="testGenerarNumero[571]" classname="GeneradorIpTest" time="0"/>
  <testcase name="testGenerarNumero[572]" classname="GeneradorIpTest" time="0"/>
  <testcase name="testGenerarNumero[573]" classname="GeneradorIpTest" time="0"/>
  <testcase name="testGenerarNumero[574]" classname="GeneradorIpTest" time="0"/>
  <testcase name="testGenerarNumero[575]" classname="GeneradorIpTest" time="0"/>
  <testcase name="testGenerarNumero[576]" classname="GeneradorIpTest" time="0"/>
  <testcase name="testGenerarNumero[577]" classname="GeneradorIpTest" time="0"/>
  <testcase name="testGenerarNumero[578]" classname="GeneradorIpTest" time="0.001"/>
  <testcase name="testGenerarNumero[579]" classname="GeneradorIpTest" time="0"/>
  <testcase name="testGenerarNumero[580]" classname="GeneradorIpTest" time="0"/>
  <testcase name="testGenerarNumero[581]" classname="GeneradorIpTest" time="0"/>
  <testcase name="testGenerarNumero[582]" classname="GeneradorIpTest" time="0"/>
  <testcase name="testGenerarNumero[583]" classname="GeneradorIpTest" time="0"/>
  <testcase name="testGenerarNumero[584]" classname="GeneradorIpTest" time="0.001"/>
  <testcase name="testGenerarNumero[585]" classname="GeneradorIpTest" time="0"/>
  <testcase name="testGenerarNumero[586]" classname="GeneradorIpTest" time="0"/>
  <testcase name="testGenerarNumero[587]" classname="GeneradorIpTest" time="0"/>
  <testcase name="testGenerarNumero[588]" classname="GeneradorIpTest" time="0.001"/>
  <testcase name="testGenerarNumero[589]" classname="GeneradorIpTest" time="0"/>
  <testcase name="testGenerarNumero[590]" classname="GeneradorIpTest" time="0"/>
  <testcase name="testGenerarNumero[591]" classname="GeneradorIpTest" time="0"/>
  <testcase name="testGenerarNumero[592]" classname="GeneradorIpTest" time="0"/>
  <testcase name="testGenerarNumero[593]" classname="GeneradorIpTest" time="0"/>
  <testcase name="testGenerarNumero[594]" classname="GeneradorIpTest" time="0"/>
  <testcase name="testGenerarNumero[595]" classname="GeneradorIpTest" time="0"/>
  <testcase name="testGenerarNumero[596]" classname="GeneradorIpTest" time="0"/>
  <testcase name="testGenerarNumero[597]" classname="GeneradorIpTest" time="0"/>
  <testcase name="testGenerarNumero[598]" classname="GeneradorIpTest" time="0"/>
  <testcase name="testGenerarNumero[599]" classname="GeneradorIpTest" time="0.001"/>
  <testcase name="testGenerarNumero[600]" classname="GeneradorIpTest" time="0"/>
  <testcase name="testGenerarNumero[601]" classname="GeneradorIpTest" time="0"/>
  <testcase name="testGenerarNumero[602]" classname="GeneradorIpTest" time="0"/>
  <testcase name="testGenerarNumero[603]" classname="GeneradorIpTest" time="0.002"/>
  <testcase name="testGenerarNumero[604]" classname="GeneradorIpTest" time="0"/>
  <testcase name="testGenerarNumero[605]" classname="GeneradorIpTest" time="0.002"/>
  <testcase name="testGenerarNumero[606]" classname="GeneradorIpTest" time="0"/>
  <testcase name="testGenerarNumero[607]" classname="GeneradorIpTest" time="0"/>
  <testcase name="testGenerarNumero[608]" classname="GeneradorIpTest" time="0"/>
  <testcase name="testGenerarNumero[609]" classname="GeneradorIpTest" time="0"/>
  <testcase name="testGenerarNumero[610]" classname="GeneradorIpTest" time="0"/>
  <testcase name="testGenerarNumero[611]" classname="GeneradorIpTest" time="0.001"/>
  <testcase name="testGenerarNumero[612]" classname="GeneradorIpTest" time="0"/>
  <testcase name="testGenerarNumero[613]" classname="GeneradorIpTest" time="0"/>
  <testcase name="testGenerarNumero[614]" classname="GeneradorIpTest" time="0"/>
  <testcase name="testGenerarNumero[615]" classname="GeneradorIpTest" time="0"/>
  <testcase name="testGenerarNumero[616]" classname="GeneradorIpTest" time="0"/>
  <testcase name="testGenerarNumero[617]" classname="GeneradorIpTest" time="0.001"/>
  <testcase name="testGenerarNumero[618]" classname="GeneradorIpTest" time="0"/>
  <testcase name="testGenerarNumero[619]" classname="GeneradorIpTest" time="0"/>
  <testcase name="testGenerarNumero[620]" classname="GeneradorIpTest" time="0"/>
  <testcase name="testGenerarNumero[621]" classname="GeneradorIpTest" time="0"/>
  <testcase name="testGenerarNumero[622]" classname="GeneradorIpTest" time="0.001"/>
  <testcase name="testGenerarNumero[623]" classname="GeneradorIpTest" time="0"/>
  <testcase name="testGenerarNumero[624]" classname="GeneradorIpTest" time="0"/>
  <testcase name="testGenerarNumero[625]" classname="GeneradorIpTest" time="0"/>
  <testcase name="testGenerarNumero[626]" classname="GeneradorIpTest" time="0"/>
  <testcase name="testGenerarNumero[627]" classname="GeneradorIpTest" time="0"/>
  <testcase name="testGenerarNumero[628]" classname="GeneradorIpTest" time="0"/>
  <testcase name="testGenerarNumero[629]" classname="GeneradorIpTest" time="0"/>
  <testcase name="testGenerarNumero[630]" classname="GeneradorIpTest" time="0"/>
  <testcase name="testGenerarNumero[631]" classname="GeneradorIpTest" time="0"/>
  <testcase name="testGenerarNumero[632]" classname="GeneradorIpTest" time="0"/>
  <testcase name="testGenerarNumero[633]" classname="GeneradorIpTest" time="0"/>
  <testcase name="testGenerarNumero[634]" classname="GeneradorIpTest" time="0"/>
  <testcase name="testGenerarNumero[635]" classname="GeneradorIpTest" time="0"/>
  <testcase name="testGenerarNumero[636]" classname="GeneradorIpTest" time="0.001"/>
  <testcase name="testGenerarNumero[637]" classname="GeneradorIpTest" time="0"/>
  <testcase name="testGenerarNumero[638]" classname="GeneradorIpTest" time="0"/>
  <testcase name="testGenerarNumero[639]" classname="GeneradorIpTest" time="0.001"/>
  <testcase name="testGenerarNumero[640]" classname="GeneradorIpTest" time="0"/>
  <testcase name="testGenerarNumero[641]" classname="GeneradorIpTest" time="0"/>
  <testcase name="testGenerarNumero[642]" classname="GeneradorIpTest" time="0"/>
  <testcase name="testGenerarNumero[643]" classname="GeneradorIpTest" time="0.001"/>
  <testcase name="testGenerarNumero[644]" classname="GeneradorIpTest" time="0"/>
  <testcase name="testGenerarNumero[645]" classname="GeneradorIpTest" time="0"/>
  <testcase name="testGenerarNumero[646]" classname="GeneradorIpTest" time="0"/>
  <testcase name="testGenerarNumero[647]" classname="GeneradorIpTest" time="0"/>
  <testcase name="testGenerarNumero[648]" classname="GeneradorIpTest" time="0"/>
  <testcase name="testGenerarNumero[649]" classname="GeneradorIpTest" time="0.001"/>
  <testcase name="testGenerarNumero[650]" classname="GeneradorIpTest" time="0"/>
  <testcase name="testGenerarNumero[651]" classname="GeneradorIpTest" time="0"/>
  <testcase name="testGenerarNumero[652]" classname="GeneradorIpTest" time="0.001"/>
  <testcase name="testGenerarNumero[653]" classname="GeneradorIpTest" time="0"/>
  <testcase name="testGenerarNumero[654]" classname="GeneradorIpTest" time="0.001"/>
  <testcase name="testGenerarNumero[655]" classname="GeneradorIpTest" time="0.001"/>
  <testcase name="testGenerarNumero[656]" classname="GeneradorIpTest" time="0.007"/>
  <testcase name="testGenerarNumero[657]" classname="GeneradorIpTest" time="0"/>
  <testcase name="testGenerarNumero[658]" classname="GeneradorIpTest" time="0"/>
  <testcase name="testGenerarNumero[659]" classname="GeneradorIpTest" time="0"/>
  <testcase name="testGenerarNumero[660]" classname="GeneradorIpTest" time="0"/>
  <testcase name="testGenerarNumero[661]" classname="GeneradorIpTest" time="0"/>
  <testcase name="testGenerarNumero[662]" classname="GeneradorIpTest" time="0"/>
  <testcase name="testGenerarNumero[663]" classname="GeneradorIpTest" time="0"/>
  <testcase name="testGenerarNumero[664]" classname="GeneradorIpTest" time="0"/>
  <testcase name="testGenerarNumero[665]" classname="GeneradorIpTest" time="0"/>
  <testcase name="testGenerarNumero[666]" classname="GeneradorIpTest" time="0"/>
  <testcase name="testGenerarNumero[667]" classname="GeneradorIpTest" time="0"/>
  <testcase name="testGenerarNumero[668]" classname="GeneradorIpTest" time="0"/>
  <testcase name="testGenerarNumero[669]" classname="GeneradorIpTest" time="0"/>
  <testcase name="testGenerarNumero[670]" classname="GeneradorIpTest" time="0"/>
  <testcase name="testGenerarNumero[671]" classname="GeneradorIpTest" time="0.001"/>
  <testcase name="testGenerarNumero[672]" classname="GeneradorIpTest" time="0"/>
  <testcase name="testGenerarNumero[673]" classname="GeneradorIpTest" time="0.001"/>
  <testcase name="testGenerarNumero[674]" classname="GeneradorIpTest" time="0"/>
  <testcase name="testGenerarNumero[675]" classname="GeneradorIpTest" time="0"/>
  <testcase name="testGenerarNumero[676]" classname="GeneradorIpTest" time="0"/>
  <testcase name="testGenerarNumero[677]" classname="GeneradorIpTest" time="0"/>
  <testcase name="testGenerarNumero[678]" classname="GeneradorIpTest" time="0"/>
  <testcase name="testGenerarNumero[679]" classname="GeneradorIpTest" time="0"/>
  <testcase name="testGenerarNumero[680]" classname="GeneradorIpTest" time="0"/>
  <testcase name="testGenerarNumero[681]" classname="GeneradorIpTest" time="0.001"/>
  <testcase name="testGenerarNumero[682]" classname="GeneradorIpTest" time="0"/>
  <testcase name="testGenerarNumero[683]" classname="GeneradorIpTest" time="0.001"/>
  <testcase name="testGenerarNumero[684]" classname="GeneradorIpTest" time="0"/>
  <testcase name="testGenerarNumero[685]" classname="GeneradorIpTest" time="0.001"/>
  <testcase name="testGenerarNumero[686]" classname="GeneradorIpTest" time="0.001"/>
  <testcase name="testGenerarNumero[687]" classname="GeneradorIpTest" time="0"/>
  <testcase name="testGenerarNumero[688]" classname="GeneradorIpTest" time="0"/>
  <testcase name="testGenerarNumero[689]" classname="GeneradorIpTest" time="0.001"/>
  <testcase name="testGenerarNumero[690]" classname="GeneradorIpTest" time="0"/>
  <testcase name="testGenerarNumero[691]" classname="GeneradorIpTest" time="0"/>
  <testcase name="testGenerarNumero[692]" classname="GeneradorIpTest" time="0"/>
  <testcase name="testGenerarNumero[693]" classname="GeneradorIpTest" time="0"/>
  <testcase name="testGenerarNumero[694]" classname="GeneradorIpTest" time="0"/>
  <testcase name="testGenerarNumero[695]" classname="GeneradorIpTest" time="0"/>
  <testcase name="testGenerarNumero[696]" classname="GeneradorIpTest" time="0"/>
  <testcase name="testGenerarNumero[697]" classname="GeneradorIpTest" time="0"/>
  <testcase name="testGenerarNumero[698]" classname="GeneradorIpTest" time="0"/>
  <testcase name="testGenerarNumero[699]" classname="GeneradorIpTest" time="0"/>
  <testcase name="testGenerarNumero[700]" classname="GeneradorIpTest" time="0"/>
  <testcase name="testGenerarNumero[701]" classname="GeneradorIpTest" time="0"/>
  <testcase name="testGenerarNumero[702]" classname="GeneradorIpTest" time="0"/>
  <testcase name="testGenerarNumero[703]" classname="GeneradorIpTest" time="0"/>
  <testcase name="testGenerarNumero[704]" classname="GeneradorIpTest" time="0"/>
  <testcase name="testGenerarNumero[705]" classname="GeneradorIpTest" time="0"/>
  <testcase name="testGenerarNumero[706]" classname="GeneradorIpTest" time="0"/>
  <testcase name="testGenerarNumero[707]" classname="GeneradorIpTest" time="0"/>
  <testcase name="testGenerarNumero[708]" classname="GeneradorIpTest" time="0"/>
  <testcase name="testGenerarNumero[709]" classname="GeneradorIpTest" time="0"/>
  <testcase name="testGenerarNumero[710]" classname="GeneradorIpTest" time="0"/>
  <testcase name="testGenerarNumero[711]" classname="GeneradorIpTest" time="0"/>
  <testcase name="testGenerarNumero[712]" classname="GeneradorIpTest" time="0"/>
  <testcase name="testGenerarNumero[713]" classname="GeneradorIpTest" time="0"/>
  <testcase name="testGenerarNumero[714]" classname="GeneradorIpTest" time="0"/>
  <testcase name="testGenerarNumero[715]" classname="GeneradorIpTest" time="0.001"/>
  <testcase name="testGenerarNumero[716]" classname="GeneradorIpTest" time="0"/>
  <testcase name="testGenerarNumero[717]" classname="GeneradorIpTest" time="0"/>
  <testcase name="testGenerarNumero[718]" classname="GeneradorIpTest" time="0"/>
  <testcase name="testGenerarNumero[719]" classname="GeneradorIpTest" time="0"/>
  <testcase name="testGenerarNumero[720]" classname="GeneradorIpTest" time="0"/>
  <testcase name="testGenerarNumero[721]" classname="GeneradorIpTest" time="0"/>
  <testcase name="testGenerarNumero[722]" classname="GeneradorIpTest" time="0"/>
  <testcase name="testGenerarNumero[723]" classname="GeneradorIpTest" time="0"/>
  <testcase name="testGenerarNumero[724]" classname="GeneradorIpTest" time="0"/>
  <testcase name="testGenerarNumero[725]" classname="GeneradorIpTest" time="0"/>
  <testcase name="testGenerarNumero[726]" classname="GeneradorIpTest" time="0"/>
  <testcase name="testGenerarNumero[727]" classname="GeneradorIpTest" time="0"/>
  <testcase name="testGenerarNumero[728]" classname="GeneradorIpTest" time="0"/>
  <testcase name="testGenerarNumero[729]" classname="GeneradorIpTest" time="0"/>
  <testcase name="testGenerarNumero[730]" classname="GeneradorIpTest" time="0"/>
  <testcase name="testGenerarNumero[731]" classname="GeneradorIpTest" time="0"/>
  <testcase name="testGenerarNumero[732]" classname="GeneradorIpTest" time="0.002"/>
  <testcase name="testGenerarNumero[733]" classname="GeneradorIpTest" time="0"/>
  <testcase name="testGenerarNumero[734]" classname="GeneradorIpTest" time="0"/>
  <testcase name="testGenerarNumero[735]" classname="GeneradorIpTest" time="0"/>
  <testcase name="testGenerarNumero[736]" classname="GeneradorIpTest" time="0"/>
  <testcase name="testGenerarNumero[737]" classname="GeneradorIpTest" time="0.001"/>
  <testcase name="testGenerarNumero[738]" classname="GeneradorIpTest" time="0"/>
  <testcase name="testGenerarNumero[739]" classname="GeneradorIpTest" time="0"/>
  <testcase name="testGenerarNumero[740]" classname="GeneradorIpTest" time="0"/>
  <testcase name="testGenerarNumero[741]" classname="GeneradorIpTest" time="0"/>
  <testcase name="testGenerarNumero[742]" classname="GeneradorIpTest" time="0"/>
  <testcase name="testGenerarNumero[743]" classname="GeneradorIpTest" time="0"/>
  <testcase name="testGenerarNumero[744]" classname="GeneradorIpTest" time="0.001"/>
  <testcase name="testGenerarNumero[745]" classname="GeneradorIpTest" time="0"/>
  <testcase name="testGenerarNumero[746]" classname="GeneradorIpTest" time="0"/>
  <testcase name="testGenerarNumero[747]" classname="GeneradorIpTest" time="0.001"/>
  <testcase name="testGenerarNumero[748]" classname="GeneradorIpTest" time="0"/>
  <testcase name="testGenerarNumero[749]" classname="GeneradorIpTest" time="0.001"/>
  <testcase name="testGenerarNumero[750]" classname="GeneradorIpTest" time="0"/>
  <testcase name="testGenerarNumero[751]" classname="GeneradorIpTest" time="0"/>
  <testcase name="testGenerarNumero[752]" classname="GeneradorIpTest" time="0"/>
  <testcase name="testGenerarNumero[753]" classname="GeneradorIpTest" time="0"/>
  <testcase name="testGenerarNumero[754]" classname="GeneradorIpTest" time="0"/>
  <testcase name="testGenerarNumero[755]" classname="GeneradorIpTest" time="0"/>
  <testcase name="testGenerarNumero[756]" classname="GeneradorIpTest" time="0"/>
  <testcase name="testGenerarNumero[757]" classname="GeneradorIpTest" time="0.001"/>
  <testcase name="testGenerarNumero[758]" classname="GeneradorIpTest" time="0"/>
  <testcase name="testGenerarNumero[759]" classname="GeneradorIpTest" time="0.001"/>
  <testcase name="testGenerarNumero[760]" classname="GeneradorIpTest" time="0"/>
  <testcase name="testGenerarNumero[761]" classname="GeneradorIpTest" time="0"/>
  <testcase name="testGenerarNumero[762]" classname="GeneradorIpTest" time="0"/>
  <testcase name="testGenerarNumero[763]" classname="GeneradorIpTest" time="0"/>
  <testcase name="testGenerarNumero[764]" classname="GeneradorIpTest" time="0"/>
  <testcase name="testGenerarNumero[765]" classname="GeneradorIpTest" time="0.001"/>
  <testcase name="testGenerarNumero[766]" classname="GeneradorIpTest" time="0.001"/>
  <testcase name="testGenerarNumero[767]" classname="GeneradorIpTest" time="0"/>
  <testcase name="testGenerarNumero[768]" classname="GeneradorIpTest" time="0"/>
  <testcase name="testGenerarNumero[769]" classname="GeneradorIpTest" time="0"/>
  <testcase name="testGenerarNumero[770]" classname="GeneradorIpTest" time="0"/>
  <testcase name="testGenerarNumero[771]" classname="GeneradorIpTest" time="0"/>
  <testcase name="testGenerarNumero[772]" classname="GeneradorIpTest" time="0"/>
  <testcase name="testGenerarNumero[773]" classname="GeneradorIpTest" time="0"/>
  <testcase name="testGenerarNumero[774]" classname="GeneradorIpTest" time="0"/>
  <testcase name="testGenerarNumero[775]" classname="GeneradorIpTest" time="0"/>
  <testcase name="testGenerarNumero[776]" classname="GeneradorIpTest" time="0"/>
  <testcase name="testGenerarNumero[777]" classname="GeneradorIpTest" time="0.001"/>
  <testcase name="testGenerarNumero[778]" classname="GeneradorIpTest" time="0"/>
  <testcase name="testGenerarNumero[779]" classname="GeneradorIpTest" time="0.001"/>
  <testcase name="testGenerarNumero[780]" classname="GeneradorIpTest" time="0"/>
  <testcase name="testGenerarNumero[781]" classname="GeneradorIpTest" time="0.001"/>
  <testcase name="testGenerarNumero[782]" classname="GeneradorIpTest" time="0"/>
  <testcase name="testGenerarNumero[783]" classname="GeneradorIpTest" time="0.002"/>
  <testcase name="testGenerarNumero[784]" classname="GeneradorIpTest" time="0"/>
  <testcase name="testGenerarNumero[785]" classname="GeneradorIpTest" time="0.001"/>
  <testcase name="testGenerarNumero[786]" classname="GeneradorIpTest" time="0"/>
  <testcase name="testGenerarNumero[787]" classname="GeneradorIpTest" time="0"/>
  <testcase name="testGenerarNumero[788]" classname="GeneradorIpTest" time="0"/>
  <testcase name="testGenerarNumero[789]" classname="GeneradorIpTest" time="0"/>
  <testcase name="testGenerarNumero[790]" classname="GeneradorIpTest" time="0"/>
  <testcase name="testGenerarNumero[791]" classname="GeneradorIpTest" time="0"/>
  <testcase name="testGenerarNumero[792]" classname="GeneradorIpTest" time="0"/>
  <testcase name="testGenerarNumero[793]" classname="GeneradorIpTest" time="0.001"/>
  <testcase name="testGenerarNumero[794]" classname="GeneradorIpTest" time="0"/>
  <testcase name="testGenerarNumero[795]" classname="GeneradorIpTest" time="0.001"/>
  <testcase name="testGenerarNumero[796]" classname="GeneradorIpTest" time="0.001"/>
  <testcase name="testGenerarNumero[797]" classname="GeneradorIpTest" time="0"/>
  <testcase name="testGenerarNumero[798]" classname="GeneradorIpTest" time="0"/>
  <testcase name="testGenerarNumero[799]" classname="GeneradorIpTest" time="0"/>
  <testcase name="testGenerarNumero[800]" classname="GeneradorIpTest" time="0"/>
  <testcase name="testGenerarNumero[801]" classname="GeneradorIpTest" time="0"/>
  <testcase name="testGenerarNumero[802]" classname="GeneradorIpTest" time="0"/>
  <testcase name="testGenerarNumero[803]" classname="GeneradorIpTest" time="0"/>
  <testcase name="testGenerarNumero[804]" classname="GeneradorIpTest" time="0.001"/>
  <testcase name="testGenerarNumero[805]" classname="GeneradorIpTest" time="0"/>
  <testcase name="testGenerarNumero[806]" classname="GeneradorIpTest" time="0"/>
  <testcase name="testGenerarNumero[807]" classname="GeneradorIpTest" time="0"/>
  <testcase name="testGenerarNumero[808]" classname="GeneradorIpTest" time="0"/>
  <testcase name="testGenerarNumero[809]" classname="GeneradorIpTest" time="0"/>
  <testcase name="testGenerarNumero[810]" classname="GeneradorIpTest" time="0.001"/>
  <testcase name="testGenerarNumero[811]" classname="GeneradorIpTest" time="0"/>
  <testcase name="testGenerarNumero[812]" classname="GeneradorIpTest" time="0"/>
  <testcase name="testGenerarNumero[813]" classname="GeneradorIpTest" time="0"/>
  <testcase name="testGenerarNumero[814]" classname="GeneradorIpTest" time="0"/>
  <testcase name="testGenerarNumero[815]" classname="GeneradorIpTest" time="0"/>
  <testcase name="testGenerarNumero[816]" classname="GeneradorIpTest" time="0"/>
  <testcase name="testGenerarNumero[817]" classname="GeneradorIpTest" time="0.001"/>
  <testcase name="testGenerarNumero[818]" classname="GeneradorIpTest" time="0"/>
  <testcase name="testGenerarNumero[819]" classname="GeneradorIpTest" time="0"/>
  <testcase name="testGenerarNumero[820]" classname="GeneradorIpTest" time="0"/>
  <testcase name="testGenerarNumero[821]" classname="GeneradorIpTest" time="0"/>
  <testcase name="testGenerarNumero[822]" classname="GeneradorIpTest" time="0"/>
  <testcase name="testGenerarNumero[823]" classname="GeneradorIpTest" time="0"/>
  <testcase name="testGenerarNumero[824]" classname="GeneradorIpTest" time="0.001"/>
  <testcase name="testGenerarNumero[825]" classname="GeneradorIpTest" time="0"/>
  <testcase name="testGenerarNumero[826]" classname="GeneradorIpTest" time="0"/>
  <testcase name="testGenerarNumero[827]" classname="GeneradorIpTest" time="0"/>
  <testcase name="testGenerarNumero[828]" classname="GeneradorIpTest" time="0"/>
  <testcase name="testGenerarNumero[829]" classname="GeneradorIpTest" time="0"/>
  <testcase name="testGenerarNumero[830]" classname="GeneradorIpTest" time="0"/>
  <testcase name="testGenerarNumero[831]" classname="GeneradorIpTest" time="0"/>
  <testcase name="testGenerarNumero[832]" classname="GeneradorIpTest" time="0"/>
  <testcase name="testGenerarNumero[833]" classname="GeneradorIpTest" time="0.001"/>
  <testcase name="testGenerarNumero[834]" classname="GeneradorIpTest" time="0"/>
  <testcase name="testGenerarNumero[835]" classname="GeneradorIpTest" time="0.001"/>
  <testcase name="testGenerarNumero[836]" classname="GeneradorIpTest" time="0"/>
  <testcase name="testGenerarNumero[837]" classname="GeneradorIpTest" time="0"/>
  <testcase name="testGenerarNumero[838]" classname="GeneradorIpTest" time="0"/>
  <testcase name="testGenerarNumero[839]" classname="GeneradorIpTest" time="0"/>
  <testcase name="testGenerarNumero[840]" classname="GeneradorIpTest" time="0"/>
  <testcase name="testGenerarNumero[841]" classname="GeneradorIpTest" time="0"/>
  <testcase name="testGenerarNumero[842]" classname="GeneradorIpTest" time="0.001"/>
  <testcase name="testGenerarNumero[843]" classname="GeneradorIpTest" time="0"/>
  <testcase name="testGenerarNumero[844]" classname="GeneradorIpTest" time="0"/>
  <testcase name="testGenerarNumero[845]" classname="GeneradorIpTest" time="0"/>
  <testcase name="testGenerarNumero[846]" classname="GeneradorIpTest" time="0"/>
  <testcase name="testGenerarNumero[847]" classname="GeneradorIpTest" time="0"/>
  <testcase name="testGenerarNumero[848]" classname="GeneradorIpTest" time="0"/>
  <testcase name="testGenerarNumero[849]" classname="GeneradorIpTest" time="0"/>
  <testcase name="testGenerarNumero[850]" classname="GeneradorIpTest" time="0"/>
  <testcase name="testGenerarNumero[851]" classname="GeneradorIpTest" time="0"/>
  <testcase name="testGenerarNumero[852]" classname="GeneradorIpTest" time="0"/>
  <testcase name="testGenerarNumero[853]" classname="GeneradorIpTest" time="0"/>
  <testcase name="testGenerarNumero[854]" classname="GeneradorIpTest" time="0"/>
  <testcase name="testGenerarNumero[855]" classname="GeneradorIpTest" time="0"/>
  <testcase name="testGenerarNumero[856]" classname="GeneradorIpTest" time="0"/>
  <testcase name="testGenerarNumero[857]" classname="GeneradorIpTest" time="0"/>
  <testcase name="testGenerarNumero[858]" classname="GeneradorIpTest" time="0.001"/>
  <testcase name="testGenerarNumero[859]" classname="GeneradorIpTest" time="0"/>
  <testcase name="testGenerarNumero[860]" classname="GeneradorIpTest" time="0"/>
  <testcase name="testGenerarNumero[861]" classname="GeneradorIpTest" time="0"/>
  <testcase name="testGenerarNumero[862]" classname="GeneradorIpTest" time="0"/>
  <testcase name="testGenerarNumero[863]" classname="GeneradorIpTest" time="0.001"/>
  <testcase name="testGenerarNumero[864]" classname="GeneradorIpTest" time="0"/>
  <testcase name="testGenerarNumero[865]" classname="GeneradorIpTest" time="0.001"/>
  <testcase name="testGenerarNumero[866]" classname="GeneradorIpTest" time="0"/>
  <testcase name="testGenerarNumero[867]" classname="GeneradorIpTest" time="0"/>
  <testcase name="testGenerarNumero[868]" classname="GeneradorIpTest" time="0"/>
  <testcase name="testGenerarNumero[869]" classname="GeneradorIpTest" time="0"/>
  <testcase name="testGenerarNumero[870]" classname="GeneradorIpTest" time="0"/>
  <testcase name="testGenerarNumero[871]" classname="GeneradorIpTest" time="0"/>
  <testcase name="testGenerarNumero[872]" classname="GeneradorIpTest" time="0"/>
  <testcase name="testGenerarNumero[873]" classname="GeneradorIpTest" time="0"/>
  <testcase name="testGenerarNumero[874]" classname="GeneradorIpTest" time="0"/>
  <testcase name="testGenerarNumero[875]" classname="GeneradorIpTest" time="0"/>
  <testcase name="testGenerarNumero[876]" classname="GeneradorIpTest" time="0"/>
  <testcase name="testGenerarNumero[877]" classname="GeneradorIpTest" time="0"/>
  <testcase name="testGenerarNumero[878]" classname="GeneradorIpTest" time="0"/>
  <testcase name="testGenerarNumero[879]" classname="GeneradorIpTest" time="0"/>
  <testcase name="testGenerarNumero[880]" classname="GeneradorIpTest" time="0"/>
  <testcase name="testGenerarNumero[881]" classname="GeneradorIpTest" time="0"/>
  <testcase name="testGenerarNumero[882]" classname="GeneradorIpTest" time="0"/>
  <testcase name="testGenerarNumero[883]" classname="GeneradorIpTest" time="0"/>
  <testcase name="testGenerarNumero[884]" classname="GeneradorIpTest" time="0"/>
  <testcase name="testGenerarNumero[885]" classname="GeneradorIpTest" time="0"/>
  <testcase name="testGenerarNumero[886]" classname="GeneradorIpTest" time="0"/>
  <testcase name="testGenerarNumero[887]" classname="GeneradorIpTest" time="0"/>
  <testcase name="testGenerarNumero[888]" classname="GeneradorIpTest" time="0.001"/>
  <testcase name="testGenerarNumero[889]" classname="GeneradorIpTest" time="0"/>
  <testcase name="testGenerarNumero[890]" classname="GeneradorIpTest" time="0.001"/>
  <testcase name="testGenerarNumero[891]" classname="GeneradorIpTest" time="0"/>
  <testcase name="testGenerarNumero[892]" classname="GeneradorIpTest" time="0"/>
  <testcase name="testGenerarNumero[893]" classname="GeneradorIpTest" time="0"/>
  <testcase name="testGenerarNumero[894]" classname="GeneradorIpTest" time="0"/>
  <testcase name="testGenerarNumero[895]" classname="GeneradorIpTest" time="0"/>
  <testcase name="testGenerarNumero[896]" classname="GeneradorIpTest" time="0"/>
  <testcase name="testGenerarNumero[897]" classname="GeneradorIpTest" time="0.001"/>
  <testcase name="testGenerarNumero[898]" classname="GeneradorIpTest" time="0"/>
  <testcase name="testGenerarNumero[899]" classname="GeneradorIpTest" time="0"/>
  <testcase name="testGenerarNumero[900]" classname="GeneradorIpTest" time="0.001"/>
  <testcase name="testGenerarNumero[901]" classname="GeneradorIpTest" time="0"/>
  <testcase name="testGenerarNumero[902]" classname="GeneradorIpTest" time="0"/>
  <testcase name="testGenerarNumero[903]" classname="GeneradorIpTest" time="0.001"/>
  <testcase name="testGenerarNumero[904]" classname="GeneradorIpTest" time="0"/>
  <testcase name="testGenerarNumero[905]" classname="GeneradorIpTest" time="0"/>
  <testcase name="testGenerarNumero[906]" classname="GeneradorIpTest" time="0"/>
  <testcase name="testGenerarNumero[907]" classname="GeneradorIpTest" time="0"/>
  <testcase name="testGenerarNumero[908]" classname="GeneradorIpTest" time="0.004"/>
  <testcase name="testGenerarNumero[909]" classname="GeneradorIpTest" time="0.001"/>
  <testcase name="testGenerarNumero[910]" classname="GeneradorIpTest" time="0"/>
  <testcase name="testGenerarNumero[911]" classname="GeneradorIpTest" time="0"/>
  <testcase name="testGenerarNumero[912]" classname="GeneradorIpTest" time="0"/>
  <testcase name="testGenerarNumero[913]" classname="GeneradorIpTest" time="0"/>
  <testcase name="testGenerarNumero[914]" classname="GeneradorIpTest" time="0"/>
  <testcase name="testGenerarNumero[915]" classname="GeneradorIpTest" time="0"/>
  <testcase name="testGenerarNumero[916]" classname="GeneradorIpTest" time="0"/>
  <testcase name="testGenerarNumero[917]" classname="GeneradorIpTest" time="0"/>
  <testcase name="testGenerarNumero[918]" classname="GeneradorIpTest" time="0.001"/>
  <testcase name="testGenerarNumero[919]" classname="GeneradorIpTest" time="0"/>
  <testcase name="testGenerarNumero[920]" classname="GeneradorIpTest" time="0.001"/>
  <testcase name="testGenerarNumero[921]" classname="GeneradorIpTest" time="0"/>
  <testcase name="testGenerarNumero[922]" classname="GeneradorIpTest" time="0"/>
  <testcase name="testGenerarNumero[923]" classname="GeneradorIpTest" time="0"/>
  <testcase name="testGenerarNumero[924]" classname="GeneradorIpTest" time="0"/>
  <testcase name="testGenerarNumero[925]" classname="GeneradorIpTest" time="0.001"/>
  <testcase name="testGenerarNumero[926]" classname="GeneradorIpTest" time="0.001"/>
  <testcase name="testGenerarNumero[927]" classname="GeneradorIpTest" time="0.001"/>
  <testcase name="testGenerarNumero[928]" classname="GeneradorIpTest" time="0"/>
  <testcase name="testGenerarNumero[929]" classname="GeneradorIpTest" time="0"/>
  <testcase name="testGenerarNumero[930]" classname="GeneradorIpTest" time="0"/>
  <testcase name="testGenerarNumero[931]" classname="GeneradorIpTest" time="0.001"/>
  <testcase name="testGenerarNumero[932]" classname="GeneradorIpTest" time="0"/>
  <testcase name="testGenerarNumero[933]" classname="GeneradorIpTest" time="0"/>
  <testcase name="testGenerarNumero[934]" classname="GeneradorIpTest" time="0"/>
  <testcase name="testGenerarNumero[935]" classname="GeneradorIpTest" time="0.001"/>
  <testcase name="testGenerarNumero[936]" classname="GeneradorIpTest" time="0"/>
  <testcase name="testGenerarNumero[937]" classname="GeneradorIpTest" time="0.001"/>
  <testcase name="testGenerarNumero[938]" classname="GeneradorIpTest" time="0"/>
  <testcase name="testGenerarNumero[939]" classname="GeneradorIpTest" time="0.001"/>
  <testcase name="testGenerarNumero[940]" classname="GeneradorIpTest" time="0"/>
  <testcase name="testGenerarNumero[941]" classname="GeneradorIpTest" time="0"/>
  <testcase name="testGenerarNumero[942]" classname="GeneradorIpTest" time="0.001"/>
  <testcase name="testGenerarNumero[943]" classname="GeneradorIpTest" time="0.001"/>
  <testcase name="testGenerarNumero[944]" classname="GeneradorIpTest" time="0"/>
  <testcase name="testGenerarNumero[945]" classname="GeneradorIpTest" time="0.001"/>
  <testcase name="testGenerarNumero[946]" classname="GeneradorIpTest" time="0.001"/>
  <testcase name="testGenerarNumero[947]" classname="GeneradorIpTest" time="0"/>
  <testcase name="testGenerarNumero[948]" classname="GeneradorIpTest" time="0"/>
  <testcase name="testGenerarNumero[949]" classname="GeneradorIpTest" time="0"/>
  <testcase name="testGenerarNumero[950]" classname="GeneradorIpTest" time="0"/>
  <testcase name="testGenerarNumero[951]" classname="GeneradorIpTest" time="0"/>
  <testcase name="testGenerarNumero[952]" classname="GeneradorIpTest" time="0"/>
  <testcase name="testGenerarNumero[953]" classname="GeneradorIpTest" time="0.001"/>
  <testcase name="testGenerarNumero[954]" classname="GeneradorIpTest" time="0.001"/>
  <testcase name="testGenerarNumero[955]" classname="GeneradorIpTest" time="0"/>
  <testcase name="testGenerarNumero[956]" classname="GeneradorIpTest" time="0"/>
  <testcase name="testGenerarNumero[957]" classname="GeneradorIpTest" time="0.001"/>
  <testcase name="testGenerarNumero[958]" classname="GeneradorIpTest" time="0"/>
  <testcase name="testGenerarNumero[959]" classname="GeneradorIpTest" time="0.001"/>
  <testcase name="testGenerarNumero[960]" classname="GeneradorIpTest" time="0.001"/>
  <testcase name="testGenerarNumero[961]" classname="GeneradorIpTest" time="0.004"/>
  <testcase name="testGenerarNumero[962]" classname="GeneradorIpTest" time="0.001"/>
  <testcase name="testGenerarNumero[963]" classname="GeneradorIpTest" time="0.002"/>
  <testcase name="testGenerarNumero[964]" classname="GeneradorIpTest" time="0"/>
  <testcase name="testGenerarNumero[965]" classname="GeneradorIpTest" time="0"/>
  <testcase name="testGenerarNumero[966]" classname="GeneradorIpTest" time="0"/>
  <testcase name="testGenerarNumero[967]" classname="GeneradorIpTest" time="0"/>
  <testcase name="testGenerarNumero[968]" classname="GeneradorIpTest" time="0.002"/>
  <testcase name="testGenerarNumero[969]" classname="GeneradorIpTest" time="0"/>
  <testcase name="testGenerarNumero[970]" classname="GeneradorIpTest" time="0.001"/>
  <testcase name="testGenerarNumero[971]" classname="GeneradorIpTest" time="0"/>
  <testcase name="testGenerarNumero[972]" classname="GeneradorIpTest" time="0"/>
  <testcase name="testGenerarNumero[973]" classname="GeneradorIpTest" time="0.001"/>
  <testcase name="testGenerarNumero[974]" classname="GeneradorIpTest" time="0"/>
  <testcase name="testGenerarNumero[975]" classname="GeneradorIpTest" time="0.001"/>
  <testcase name="testGenerarNumero[976]" classname="GeneradorIpTest" time="0"/>
  <testcase name="testGenerarNumero[977]" classname="GeneradorIpTest" time="0"/>
  <testcase name="testGenerarNumero[978]" classname="GeneradorIpTest" time="0.001"/>
  <testcase name="testGenerarNumero[979]" classname="GeneradorIpTest" time="0"/>
  <testcase name="testGenerarNumero[980]" classname="GeneradorIpTest" time="0"/>
  <testcase name="testGenerarNumero[981]" classname="GeneradorIpTest" time="0"/>
  <testcase name="testGenerarNumero[982]" classname="GeneradorIpTest" time="0"/>
  <testcase name="testGenerarNumero[983]" classname="GeneradorIpTest" time="0"/>
  <testcase name="testGenerarNumero[984]" classname="GeneradorIpTest" time="0"/>
  <testcase name="testGenerarNumero[985]" classname="GeneradorIpTest" time="0"/>
  <testcase name="testGenerarNumero[986]" classname="GeneradorIpTest" time="0"/>
  <testcase name="testGenerarNumero[987]" classname="GeneradorIpTest" time="0"/>
  <testcase name="testGenerarNumero[988]" classname="GeneradorIpTest" time="0.001"/>
  <testcase name="testGenerarNumero[989]" classname="GeneradorIpTest" time="0"/>
  <testcase name="testGenerarNumero[990]" classname="GeneradorIpTest" time="0"/>
  <testcase name="testGenerarNumero[991]" classname="GeneradorIpTest" time="0"/>
  <testcase name="testGenerarNumero[992]" classname="GeneradorIpTest" time="0"/>
  <testcase name="testGenerarNumero[993]" classname="GeneradorIpTest" time="0"/>
  <testcase name="testGenerarNumero[994]" classname="GeneradorIpTest" time="0"/>
  <testcase name="testGenerarNumero[995]" classname="GeneradorIpTest" time="0"/>
  <testcase name="testGenerarNumero[996]" classname="GeneradorIpTest" time="0"/>
  <testcase name="testGenerarNumero[997]" classname="GeneradorIpTest" time="0.001"/>
  <testcase name="testGenerarNumero[998]" classname="GeneradorIpTest" time="0"/>
  <testcase name="testGenerarNumero[999]" classname="GeneradorIpTest" time="0"/>
  <testcase name="testGenerarNumero[1000]" classname="GeneradorIpTest" time="0"/>
</testsuite>